[16:48:08,834] [INFO] CmdHandlerFactory.init --> com.tinygame.herostory.msg.GameMsgProtocol$WhoElseIsHereCmd <==> com.tinygame.herostory.cmdHandler.WhoElseIsHereCmdHandler
[16:48:08,837] [INFO] CmdHandlerFactory.init --> com.tinygame.herostory.msg.GameMsgProtocol$UserAttkCmd <==> com.tinygame.herostory.cmdHandler.UserAttkCmdHandler
[16:48:08,838] [INFO] CmdHandlerFactory.init --> com.tinygame.herostory.msg.GameMsgProtocol$UserEntryCmd <==> com.tinygame.herostory.cmdHandler.UserEntryCmdHandler
[16:48:08,839] [INFO] CmdHandlerFactory.init --> com.tinygame.herostory.msg.GameMsgProtocol$UserMoveToCmd <==> com.tinygame.herostory.cmdHandler.UserMoveToCmdHandler
[16:48:08,863] [INFO] GameMsgRecognizer.init --> com.tinygame.herostory.msg.GameMsgProtocol$UserDieResult <==> 12
[16:48:08,879] [INFO] GameMsgRecognizer.init --> com.tinygame.herostory.msg.GameMsgProtocol$UserSubtractHpResult <==> 11
[16:48:08,881] [INFO] GameMsgRecognizer.init --> com.tinygame.herostory.msg.GameMsgProtocol$UserAttkResult <==> 10
[16:48:08,882] [INFO] GameMsgRecognizer.init --> com.tinygame.herostory.msg.GameMsgProtocol$UserAttkCmd <==> 9
[16:48:08,883] [INFO] GameMsgRecognizer.init --> com.tinygame.herostory.msg.GameMsgProtocol$UserStopResult <==> 8
[16:48:08,884] [INFO] GameMsgRecognizer.init --> com.tinygame.herostory.msg.GameMsgProtocol$UserStopCmd <==> 7
[16:48:08,885] [INFO] GameMsgRecognizer.init --> com.tinygame.herostory.msg.GameMsgProtocol$UserQuitResult <==> 6
[16:48:08,886] [INFO] GameMsgRecognizer.init --> com.tinygame.herostory.msg.GameMsgProtocol$UserMoveToResult <==> 5
[16:48:08,888] [INFO] GameMsgRecognizer.init --> com.tinygame.herostory.msg.GameMsgProtocol$UserMoveToCmd <==> 4
[16:48:08,891] [INFO] GameMsgRecognizer.init --> com.tinygame.herostory.msg.GameMsgProtocol$WhoElseIsHereResult <==> 3
[16:48:08,892] [INFO] GameMsgRecognizer.init --> com.tinygame.herostory.msg.GameMsgProtocol$WhoElseIsHereCmd <==> 2
[16:48:08,893] [INFO] GameMsgRecognizer.init --> com.tinygame.herostory.msg.GameMsgProtocol$UserEntryResult <==> 1
[16:48:08,894] [INFO] GameMsgRecognizer.init --> com.tinygame.herostory.msg.GameMsgProtocol$UserEntryCmd <==> 0
[16:48:18,096] [INFO] CmdHandlerFactory.init --> com.tinygame.herostory.msg.GameMsgProtocol$WhoElseIsHereCmd <==> com.tinygame.herostory.cmdHandler.WhoElseIsHereCmdHandler
[16:48:18,098] [INFO] CmdHandlerFactory.init --> com.tinygame.herostory.msg.GameMsgProtocol$UserAttkCmd <==> com.tinygame.herostory.cmdHandler.UserAttkCmdHandler
[16:48:18,099] [INFO] CmdHandlerFactory.init --> com.tinygame.herostory.msg.GameMsgProtocol$UserEntryCmd <==> com.tinygame.herostory.cmdHandler.UserEntryCmdHandler
[16:48:18,099] [INFO] CmdHandlerFactory.init --> com.tinygame.herostory.msg.GameMsgProtocol$UserMoveToCmd <==> com.tinygame.herostory.cmdHandler.UserMoveToCmdHandler
[16:48:18,123] [INFO] GameMsgRecognizer.init --> com.tinygame.herostory.msg.GameMsgProtocol$UserDieResult <==> 12
[16:48:18,124] [INFO] GameMsgRecognizer.init --> com.tinygame.herostory.msg.GameMsgProtocol$UserSubtractHpResult <==> 11
[16:48:18,126] [INFO] GameMsgRecognizer.init --> com.tinygame.herostory.msg.GameMsgProtocol$UserAttkResult <==> 10
[16:48:18,127] [INFO] GameMsgRecognizer.init --> com.tinygame.herostory.msg.GameMsgProtocol$UserAttkCmd <==> 9
[16:48:18,128] [INFO] GameMsgRecognizer.init --> com.tinygame.herostory.msg.GameMsgProtocol$UserStopResult <==> 8
[16:48:18,129] [INFO] GameMsgRecognizer.init --> com.tinygame.herostory.msg.GameMsgProtocol$UserStopCmd <==> 7
[16:48:18,130] [INFO] GameMsgRecognizer.init --> com.tinygame.herostory.msg.GameMsgProtocol$UserQuitResult <==> 6
[16:48:18,131] [INFO] GameMsgRecognizer.init --> com.tinygame.herostory.msg.GameMsgProtocol$UserMoveToResult <==> 5
[16:48:18,132] [INFO] GameMsgRecognizer.init --> com.tinygame.herostory.msg.GameMsgProtocol$UserMoveToCmd <==> 4
[16:48:18,134] [INFO] GameMsgRecognizer.init --> com.tinygame.herostory.msg.GameMsgProtocol$WhoElseIsHereResult <==> 3
[16:48:18,134] [INFO] GameMsgRecognizer.init --> com.tinygame.herostory.msg.GameMsgProtocol$WhoElseIsHereCmd <==> 2
[16:48:18,135] [INFO] GameMsgRecognizer.init --> com.tinygame.herostory.msg.GameMsgProtocol$UserEntryResult <==> 1
[16:48:18,138] [INFO] GameMsgRecognizer.init --> com.tinygame.herostory.msg.GameMsgProtocol$UserEntryCmd <==> 0
[16:48:18,771] [INFO] ServerMain.main --> 服务器启动成功!
[17:55:20,227] [INFO] CmdHandlerFactory.init --> com.tinygame.herostory.msg.GameMsgProtocol$WhoElseIsHereCmd <==> com.tinygame.herostory.cmdHandler.WhoElseIsHereCmdHandler
[17:55:20,230] [INFO] CmdHandlerFactory.init --> com.tinygame.herostory.msg.GameMsgProtocol$UserAttkCmd <==> com.tinygame.herostory.cmdHandler.UserAttkCmdHandler
[17:55:20,230] [INFO] CmdHandlerFactory.init --> com.tinygame.herostory.msg.GameMsgProtocol$UserEntryCmd <==> com.tinygame.herostory.cmdHandler.UserEntryCmdHandler
[17:55:20,231] [INFO] CmdHandlerFactory.init --> com.tinygame.herostory.msg.GameMsgProtocol$UserMoveToCmd <==> com.tinygame.herostory.cmdHandler.UserMoveToCmdHandler
[17:55:20,254] [INFO] GameMsgRecognizer.init --> com.tinygame.herostory.msg.GameMsgProtocol$UserDieResult <==> 12
[17:55:20,255] [INFO] GameMsgRecognizer.init --> com.tinygame.herostory.msg.GameMsgProtocol$UserSubtractHpResult <==> 11
[17:55:20,257] [INFO] GameMsgRecognizer.init --> com.tinygame.herostory.msg.GameMsgProtocol$UserAttkResult <==> 10
[17:55:20,258] [INFO] GameMsgRecognizer.init --> com.tinygame.herostory.msg.GameMsgProtocol$UserAttkCmd <==> 9
[17:55:20,259] [INFO] GameMsgRecognizer.init --> com.tinygame.herostory.msg.GameMsgProtocol$UserStopResult <==> 8
[17:55:20,260] [INFO] GameMsgRecognizer.init --> com.tinygame.herostory.msg.GameMsgProtocol$UserStopCmd <==> 7
[17:55:20,261] [INFO] GameMsgRecognizer.init --> com.tinygame.herostory.msg.GameMsgProtocol$UserQuitResult <==> 6
[17:55:20,262] [INFO] GameMsgRecognizer.init --> com.tinygame.herostory.msg.GameMsgProtocol$UserMoveToResult <==> 5
[17:55:20,263] [INFO] GameMsgRecognizer.init --> com.tinygame.herostory.msg.GameMsgProtocol$UserMoveToCmd <==> 4
[17:55:20,265] [INFO] GameMsgRecognizer.init --> com.tinygame.herostory.msg.GameMsgProtocol$WhoElseIsHereResult <==> 3
[17:55:20,266] [INFO] GameMsgRecognizer.init --> com.tinygame.herostory.msg.GameMsgProtocol$WhoElseIsHereCmd <==> 2
[17:55:20,267] [INFO] GameMsgRecognizer.init --> com.tinygame.herostory.msg.GameMsgProtocol$UserEntryResult <==> 1
[17:55:20,269] [INFO] GameMsgRecognizer.init --> com.tinygame.herostory.msg.GameMsgProtocol$UserEntryCmd <==> 0
[17:55:32,743] [INFO] CmdHandlerFactory.init --> com.tinygame.herostory.msg.GameMsgProtocol$WhoElseIsHereCmd <==> com.tinygame.herostory.cmdHandler.WhoElseIsHereCmdHandler
[17:55:32,745] [INFO] CmdHandlerFactory.init --> com.tinygame.herostory.msg.GameMsgProtocol$UserAttkCmd <==> com.tinygame.herostory.cmdHandler.UserAttkCmdHandler
[17:55:32,746] [INFO] CmdHandlerFactory.init --> com.tinygame.herostory.msg.GameMsgProtocol$UserEntryCmd <==> com.tinygame.herostory.cmdHandler.UserEntryCmdHandler
[17:55:32,747] [INFO] CmdHandlerFactory.init --> com.tinygame.herostory.msg.GameMsgProtocol$UserMoveToCmd <==> com.tinygame.herostory.cmdHandler.UserMoveToCmdHandler
[17:55:32,770] [INFO] GameMsgRecognizer.init --> com.tinygame.herostory.msg.GameMsgProtocol$UserDieResult <==> 12
[17:55:32,771] [INFO] GameMsgRecognizer.init --> com.tinygame.herostory.msg.GameMsgProtocol$UserSubtractHpResult <==> 11
[17:55:32,773] [INFO] GameMsgRecognizer.init --> com.tinygame.herostory.msg.GameMsgProtocol$UserAttkResult <==> 10
[17:55:32,774] [INFO] GameMsgRecognizer.init --> com.tinygame.herostory.msg.GameMsgProtocol$UserAttkCmd <==> 9
[17:55:32,775] [INFO] GameMsgRecognizer.init --> com.tinygame.herostory.msg.GameMsgProtocol$UserStopResult <==> 8
[17:55:32,776] [INFO] GameMsgRecognizer.init --> com.tinygame.herostory.msg.GameMsgProtocol$UserStopCmd <==> 7
[17:55:32,777] [INFO] GameMsgRecognizer.init --> com.tinygame.herostory.msg.GameMsgProtocol$UserQuitResult <==> 6
[17:55:32,778] [INFO] GameMsgRecognizer.init --> com.tinygame.herostory.msg.GameMsgProtocol$UserMoveToResult <==> 5
[17:55:32,779] [INFO] GameMsgRecognizer.init --> com.tinygame.herostory.msg.GameMsgProtocol$UserMoveToCmd <==> 4
[17:55:32,781] [INFO] GameMsgRecognizer.init --> com.tinygame.herostory.msg.GameMsgProtocol$WhoElseIsHereResult <==> 3
[17:55:32,782] [INFO] GameMsgRecognizer.init --> com.tinygame.herostory.msg.GameMsgProtocol$WhoElseIsHereCmd <==> 2
[17:55:32,783] [INFO] GameMsgRecognizer.init --> com.tinygame.herostory.msg.GameMsgProtocol$UserEntryResult <==> 1
[17:55:32,785] [INFO] GameMsgRecognizer.init --> com.tinygame.herostory.msg.GameMsgProtocol$UserEntryCmd <==> 0
[17:55:33,436] [INFO] ServerMain.main --> 服务器启动成功!
[17:56:32,926] [INFO] CmdHandlerFactory.init --> com.tinygame.herostory.msg.GameMsgProtocol$WhoElseIsHereCmd <==> com.tinygame.herostory.cmdHandler.WhoElseIsHereCmdHandler
[17:56:32,929] [INFO] CmdHandlerFactory.init --> com.tinygame.herostory.msg.GameMsgProtocol$UserAttkCmd <==> com.tinygame.herostory.cmdHandler.UserAttkCmdHandler
[17:56:32,930] [INFO] CmdHandlerFactory.init --> com.tinygame.herostory.msg.GameMsgProtocol$UserEntryCmd <==> com.tinygame.herostory.cmdHandler.UserEntryCmdHandler
[17:56:32,931] [INFO] CmdHandlerFactory.init --> com.tinygame.herostory.msg.GameMsgProtocol$UserMoveToCmd <==> com.tinygame.herostory.cmdHandler.UserMoveToCmdHandler
[17:56:32,953] [INFO] GameMsgRecognizer.init --> com.tinygame.herostory.msg.GameMsgProtocol$UserDieResult <==> 12
[17:56:32,954] [INFO] GameMsgRecognizer.init --> com.tinygame.herostory.msg.GameMsgProtocol$UserSubtractHpResult <==> 11
[17:56:32,957] [INFO] GameMsgRecognizer.init --> com.tinygame.herostory.msg.GameMsgProtocol$UserAttkResult <==> 10
[17:56:32,957] [INFO] GameMsgRecognizer.init --> com.tinygame.herostory.msg.GameMsgProtocol$UserAttkCmd <==> 9
[17:56:32,958] [INFO] GameMsgRecognizer.init --> com.tinygame.herostory.msg.GameMsgProtocol$UserStopResult <==> 8
[17:56:32,959] [INFO] GameMsgRecognizer.init --> com.tinygame.herostory.msg.GameMsgProtocol$UserStopCmd <==> 7
[17:56:32,960] [INFO] GameMsgRecognizer.init --> com.tinygame.herostory.msg.GameMsgProtocol$UserQuitResult <==> 6
[17:56:32,961] [INFO] GameMsgRecognizer.init --> com.tinygame.herostory.msg.GameMsgProtocol$UserMoveToResult <==> 5
[17:56:32,962] [INFO] GameMsgRecognizer.init --> com.tinygame.herostory.msg.GameMsgProtocol$UserMoveToCmd <==> 4
[17:56:32,964] [INFO] GameMsgRecognizer.init --> com.tinygame.herostory.msg.GameMsgProtocol$WhoElseIsHereResult <==> 3
[17:56:32,965] [INFO] GameMsgRecognizer.init --> com.tinygame.herostory.msg.GameMsgProtocol$WhoElseIsHereCmd <==> 2
[17:56:32,966] [INFO] GameMsgRecognizer.init --> com.tinygame.herostory.msg.GameMsgProtocol$UserEntryResult <==> 1
[17:56:32,967] [INFO] GameMsgRecognizer.init --> com.tinygame.herostory.msg.GameMsgProtocol$UserEntryCmd <==> 0
[17:56:33,595] [INFO] ServerMain.main --> 服务器启动成功!
[17:57:13,150] [INFO] CmdHandlerFactory.init --> com.tinygame.herostory.msg.GameMsgProtocol$WhoElseIsHereCmd <==> com.tinygame.herostory.cmdHandler.WhoElseIsHereCmdHandler
[17:57:13,152] [INFO] CmdHandlerFactory.init --> com.google.protobuf.GeneratedMessageV3 <==> com.tinygame.herostory.cmdHandler.UserAttkCmdHandler
[17:57:13,153] [INFO] CmdHandlerFactory.init --> com.tinygame.herostory.msg.GameMsgProtocol$UserEntryCmd <==> com.tinygame.herostory.cmdHandler.UserEntryCmdHandler
[17:57:13,153] [INFO] CmdHandlerFactory.init --> com.tinygame.herostory.msg.GameMsgProtocol$UserMoveToCmd <==> com.tinygame.herostory.cmdHandler.UserMoveToCmdHandler
[17:57:13,177] [INFO] GameMsgRecognizer.init --> com.tinygame.herostory.msg.GameMsgProtocol$UserDieResult <==> 12
[17:57:13,179] [INFO] GameMsgRecognizer.init --> com.tinygame.herostory.msg.GameMsgProtocol$UserSubtractHpResult <==> 11
[17:57:13,181] [INFO] GameMsgRecognizer.init --> com.tinygame.herostory.msg.GameMsgProtocol$UserAttkResult <==> 10
[17:57:13,182] [INFO] GameMsgRecognizer.init --> com.tinygame.herostory.msg.GameMsgProtocol$UserAttkCmd <==> 9
[17:57:13,183] [INFO] GameMsgRecognizer.init --> com.tinygame.herostory.msg.GameMsgProtocol$UserStopResult <==> 8
[17:57:13,184] [INFO] GameMsgRecognizer.init --> com.tinygame.herostory.msg.GameMsgProtocol$UserStopCmd <==> 7
[17:57:13,185] [INFO] GameMsgRecognizer.init --> com.tinygame.herostory.msg.GameMsgProtocol$UserQuitResult <==> 6
[17:57:13,186] [INFO] GameMsgRecognizer.init --> com.tinygame.herostory.msg.GameMsgProtocol$UserMoveToResult <==> 5
[17:57:13,187] [INFO] GameMsgRecognizer.init --> com.tinygame.herostory.msg.GameMsgProtocol$UserMoveToCmd <==> 4
[17:57:13,188] [INFO] GameMsgRecognizer.init --> com.tinygame.herostory.msg.GameMsgProtocol$WhoElseIsHereResult <==> 3
[17:57:13,189] [INFO] GameMsgRecognizer.init --> com.tinygame.herostory.msg.GameMsgProtocol$WhoElseIsHereCmd <==> 2
[17:57:13,190] [INFO] GameMsgRecognizer.init --> com.tinygame.herostory.msg.GameMsgProtocol$UserEntryResult <==> 1
[17:57:13,192] [INFO] GameMsgRecognizer.init --> com.tinygame.herostory.msg.GameMsgProtocol$UserEntryCmd <==> 0
[17:57:13,828] [INFO] ServerMain.main --> 服务器启动成功!
