[20:21:37,755] [INFO] CmdHandlerFactory.init --> ==== 完成 Cmd 和 Handler 的关联 ====
[20:21:37,798] [INFO] CmdHandlerFactory.init --> 关联 com.tinygame.herostory.msg.GameMsgProtocol$GetRankCmd <==> com.tinygame.herostory.cmdHandler.GetRankCmdHandler
[20:21:37,799] [INFO] CmdHandlerFactory.init --> 关联 com.tinygame.herostory.msg.GameMsgProtocol$UserMoveToCmd <==> com.tinygame.herostory.cmdHandler.UserMoveToCmdHandler
[20:21:37,800] [INFO] CmdHandlerFactory.init --> 关联 com.tinygame.herostory.msg.GameMsgProtocol$UserLoginCmd <==> com.tinygame.herostory.cmdHandler.UserLoginCmdHandler
[20:21:37,800] [INFO] CmdHandlerFactory.init --> 关联 com.tinygame.herostory.msg.GameMsgProtocol$WhoElseIsHereCmd <==> com.tinygame.herostory.cmdHandler.WhoElseIsHereCmdHandler
[20:21:37,803] [INFO] CmdHandlerFactory.init --> 关联 com.tinygame.herostory.msg.GameMsgProtocol$UserAttkCmd <==> com.tinygame.herostory.cmdHandler.UserAttkCmdHandler
[20:21:37,805] [INFO] CmdHandlerFactory.init --> 关联 com.tinygame.herostory.msg.GameMsgProtocol$UserEntryCmd <==> com.tinygame.herostory.cmdHandler.UserEntryCmdHandler
[20:21:37,805] [INFO] GameMsgRecognizer.init --> ==== 完成 MsgBody 和 MsgCode 的关联 ====
[20:21:37,825] [INFO] GameMsgRecognizer.init --> 关联 com.tinygame.herostory.msg.GameMsgProtocol$GetRankResult <==> 18
[20:21:37,826] [INFO] GameMsgRecognizer.init --> 关联 com.tinygame.herostory.msg.GameMsgProtocol$GetRankCmd <==> 17
[20:21:37,827] [INFO] GameMsgRecognizer.init --> 关联 com.tinygame.herostory.msg.GameMsgProtocol$SelectHeroResult <==> 16
[20:21:37,828] [INFO] GameMsgRecognizer.init --> 关联 com.tinygame.herostory.msg.GameMsgProtocol$SelectHeroCmd <==> 15
[20:21:37,829] [INFO] GameMsgRecognizer.init --> 关联 com.tinygame.herostory.msg.GameMsgProtocol$UserLoginResult <==> 14
[20:21:37,830] [INFO] GameMsgRecognizer.init --> 关联 com.tinygame.herostory.msg.GameMsgProtocol$UserLoginCmd <==> 13
[20:21:37,831] [INFO] GameMsgRecognizer.init --> 关联 com.tinygame.herostory.msg.GameMsgProtocol$UserDieResult <==> 12
[20:21:37,832] [INFO] GameMsgRecognizer.init --> 关联 com.tinygame.herostory.msg.GameMsgProtocol$UserSubtractHpResult <==> 11
[20:21:37,834] [INFO] GameMsgRecognizer.init --> 关联 com.tinygame.herostory.msg.GameMsgProtocol$UserAttkResult <==> 10
[20:21:37,835] [INFO] GameMsgRecognizer.init --> 关联 com.tinygame.herostory.msg.GameMsgProtocol$UserAttkCmd <==> 9
[20:21:37,836] [INFO] GameMsgRecognizer.init --> 关联 com.tinygame.herostory.msg.GameMsgProtocol$UserStopResult <==> 8
[20:21:37,837] [INFO] GameMsgRecognizer.init --> 关联 com.tinygame.herostory.msg.GameMsgProtocol$UserStopCmd <==> 7
[20:21:37,838] [INFO] GameMsgRecognizer.init --> 关联 com.tinygame.herostory.msg.GameMsgProtocol$UserQuitResult <==> 6
[20:21:37,839] [INFO] GameMsgRecognizer.init --> 关联 com.tinygame.herostory.msg.GameMsgProtocol$UserMoveToResult <==> 5
[20:21:37,840] [INFO] GameMsgRecognizer.init --> 关联 com.tinygame.herostory.msg.GameMsgProtocol$UserMoveToCmd <==> 4
[20:21:37,841] [INFO] GameMsgRecognizer.init --> 关联 com.tinygame.herostory.msg.GameMsgProtocol$WhoElseIsHereResult <==> 3
[20:21:37,842] [INFO] GameMsgRecognizer.init --> 关联 com.tinygame.herostory.msg.GameMsgProtocol$WhoElseIsHereCmd <==> 2
[20:21:37,843] [INFO] GameMsgRecognizer.init --> 关联 com.tinygame.herostory.msg.GameMsgProtocol$UserEntryResult <==> 1
[20:21:37,844] [INFO] GameMsgRecognizer.init --> 关联 com.tinygame.herostory.msg.GameMsgProtocol$UserEntryCmd <==> 0
[20:21:39,241] [INFO] ServerMain.main --> 服务器启动成功!
[20:21:42,251] [INFO] Slf4jLoggerFactory$Slf4jLogger.info --> closeChannel: close the connection to remote address[] result: true
[20:22:11,907] [INFO] Slf4jLoggerFactory$Slf4jLogger.info --> closeChannel: close the connection to remote address[] result: true
[20:22:27,874] [ERROR] MQConsumer.init --> org.apache.rocketmq.remoting.exception.RemotingConnectException: connect to [192.168.74.111:9876] failed
java.lang.IllegalStateException: org.apache.rocketmq.remoting.exception.RemotingConnectException: connect to [192.168.74.111:9876] failed
	at org.apache.rocketmq.client.impl.factory.MQClientInstance.updateTopicRouteInfoFromNameServer(MQClientInstance.java:681)
	at org.apache.rocketmq.client.impl.factory.MQClientInstance.updateTopicRouteInfoFromNameServer(MQClientInstance.java:511)
	at org.apache.rocketmq.client.impl.consumer.DefaultMQPushConsumerImpl.updateTopicSubscribeInfoWhenSubscriptionChanged(DefaultMQPushConsumerImpl.java:867)
	at org.apache.rocketmq.client.impl.consumer.DefaultMQPushConsumerImpl.start(DefaultMQPushConsumerImpl.java:648)
	at org.apache.rocketmq.client.consumer.DefaultMQPushConsumer.start(DefaultMQPushConsumer.java:693)
	at com.tinygame.herostory.mq.MQConsumer.init(MQConsumer.java:57)
	at com.tinygame.herostory.RankApp.main(RankApp.java:25)
Caused by: org.apache.rocketmq.remoting.exception.RemotingConnectException: connect to [192.168.74.111:9876] failed
	at org.apache.rocketmq.remoting.netty.NettyRemotingClient.getAndCreateNameserverChannel(NettyRemotingClient.java:441)
	at org.apache.rocketmq.remoting.netty.NettyRemotingClient.getAndCreateChannel(NettyRemotingClient.java:396)
	at org.apache.rocketmq.remoting.netty.NettyRemotingClient.invokeSync(NettyRemotingClient.java:365)
	at org.apache.rocketmq.client.impl.MQClientAPIImpl.getTopicRouteInfoFromNameServer(MQClientAPIImpl.java:1369)
	at org.apache.rocketmq.client.impl.MQClientAPIImpl.getTopicRouteInfoFromNameServer(MQClientAPIImpl.java:1359)
	at org.apache.rocketmq.client.impl.factory.MQClientInstance.updateTopicRouteInfoFromNameServer(MQClientInstance.java:624)
	... 6 more
[20:22:27,875] [INFO] RankApp.main --> 排行榜应用程序启动成功!
[20:22:41,907] [INFO] Slf4jLoggerFactory$Slf4jLogger.info --> closeChannel: close the connection to remote address[] result: true
[20:22:48,862] [INFO] MainThreadProcessor.lambda$process$1 --> 收到客户端消息,msgClazz = com.tinygame.herostory.msg.GameMsgProtocol$UserLoginCmd, msg = userName: "1"
password: "1"

[20:22:48,862] [INFO] UserLoginCmdHandler.handle --> userName = 1, password = 1
[20:22:48,868] [INFO] LoginService$AsyncGetUserByName.doAsync --> 当前线程 = AsyncOperationProcessor1
[20:22:49,879] [INFO] MainThreadProcessor.lambda$process$1 --> 收到客户端消息,msgClazz = com.tinygame.herostory.msg.GameMsgProtocol$UserLoginCmd, msg = userName: "1"
password: "1"

[20:22:49,879] [INFO] UserLoginCmdHandler.handle --> userName = 1, password = 1
[20:22:50,095] [INFO] MainThreadProcessor.lambda$process$1 --> 收到客户端消息,msgClazz = com.tinygame.herostory.msg.GameMsgProtocol$UserLoginCmd, msg = userName: "1"
password: "1"

[20:22:50,095] [INFO] UserLoginCmdHandler.handle --> userName = 1, password = 1
[20:22:51,002] [ERROR] LoginService.updateUserBasicInfoInRedis --> Could not get a resource from the pool
redis.clients.jedis.exceptions.JedisConnectionException: Could not get a resource from the pool
	at redis.clients.jedis.util.Pool.getResource(Pool.java:59)
	at redis.clients.jedis.JedisPool.getResource(JedisPool.java:234)
	at com.tinygame.herostory.util.RedisUtil.getRedis(RedisUtil.java:50)
	at com.tinygame.herostory.login.LoginService.updateUserBasicInfoInRedis(LoginService.java:80)
	at com.tinygame.herostory.login.LoginService.access$100(LoginService.java:17)
	at com.tinygame.herostory.login.LoginService$AsyncGetUserByName.doAsync(LoginService.java:173)
	at com.tinygame.herostory.async.AsyncOperationProcessor.lambda$process$1(AsyncOperationProcessor.java:72)
	at java.util.concurrent.Executors$RunnableAdapter.call(Executors.java:511)
	at java.util.concurrent.FutureTask.run(FutureTask.java:266)
	at java.util.concurrent.ThreadPoolExecutor.runWorker(ThreadPoolExecutor.java:1149)
	at java.util.concurrent.ThreadPoolExecutor$Worker.run(ThreadPoolExecutor.java:624)
	at java.lang.Thread.run(Thread.java:748)
Caused by: redis.clients.jedis.exceptions.JedisConnectionException: Failed connecting to host 192.168.74.111:6379
	at redis.clients.jedis.Connection.connect(Connection.java:204)
	at redis.clients.jedis.BinaryClient.connect(BinaryClient.java:100)
	at redis.clients.jedis.BinaryJedis.connect(BinaryJedis.java:1866)
	at redis.clients.jedis.JedisFactory.makeObject(JedisFactory.java:117)
	at org.apache.commons.pool2.impl.GenericObjectPool.create(GenericObjectPool.java:889)
	at org.apache.commons.pool2.impl.GenericObjectPool.borrowObject(GenericObjectPool.java:424)
	at org.apache.commons.pool2.impl.GenericObjectPool.borrowObject(GenericObjectPool.java:349)
	at redis.clients.jedis.util.Pool.getResource(Pool.java:50)
	... 11 more
Caused by: java.net.SocketTimeoutException: connect timed out
	at java.net.DualStackPlainSocketImpl.waitForConnect(Native Method)
	at java.net.DualStackPlainSocketImpl.socketConnect(DualStackPlainSocketImpl.java:85)
	at java.net.AbstractPlainSocketImpl.doConnect(AbstractPlainSocketImpl.java:350)
	at java.net.AbstractPlainSocketImpl.connectToAddress(AbstractPlainSocketImpl.java:206)
	at java.net.AbstractPlainSocketImpl.connect(AbstractPlainSocketImpl.java:188)
	at java.net.PlainSocketImpl.connect(PlainSocketImpl.java:172)
	at java.net.SocksSocketImpl.connect(SocksSocketImpl.java:392)
	at java.net.Socket.connect(Socket.java:606)
	at redis.clients.jedis.Connection.connect(Connection.java:181)
	... 18 more
[20:22:51,004] [INFO] LoginService$AsyncGetUserByName.doAsync --> 当前线程 = AsyncOperationProcessor1
[20:22:51,004] [INFO] UserLoginCmdHandler.lambda$handle$0 --> 当前线程 = MainThreadProcessor
[20:22:51,004] [INFO] UserLoginCmdHandler.lambda$handle$0 --> 用户登录成功, userId = 4, userName = 1
[20:22:53,005] [ERROR] LoginService.updateUserBasicInfoInRedis --> Could not get a resource from the pool
redis.clients.jedis.exceptions.JedisConnectionException: Could not get a resource from the pool
	at redis.clients.jedis.util.Pool.getResource(Pool.java:59)
	at redis.clients.jedis.JedisPool.getResource(JedisPool.java:234)
	at com.tinygame.herostory.util.RedisUtil.getRedis(RedisUtil.java:50)
	at com.tinygame.herostory.login.LoginService.updateUserBasicInfoInRedis(LoginService.java:80)
	at com.tinygame.herostory.login.LoginService.access$100(LoginService.java:17)
	at com.tinygame.herostory.login.LoginService$AsyncGetUserByName.doAsync(LoginService.java:173)
	at com.tinygame.herostory.async.AsyncOperationProcessor.lambda$process$1(AsyncOperationProcessor.java:72)
	at java.util.concurrent.Executors$RunnableAdapter.call(Executors.java:511)
	at java.util.concurrent.FutureTask.run(FutureTask.java:266)
	at java.util.concurrent.ThreadPoolExecutor.runWorker(ThreadPoolExecutor.java:1149)
	at java.util.concurrent.ThreadPoolExecutor$Worker.run(ThreadPoolExecutor.java:624)
	at java.lang.Thread.run(Thread.java:748)
Caused by: redis.clients.jedis.exceptions.JedisConnectionException: Failed connecting to host 192.168.74.111:6379
	at redis.clients.jedis.Connection.connect(Connection.java:204)
	at redis.clients.jedis.BinaryClient.connect(BinaryClient.java:100)
	at redis.clients.jedis.BinaryJedis.connect(BinaryJedis.java:1866)
	at redis.clients.jedis.JedisFactory.makeObject(JedisFactory.java:117)
	at org.apache.commons.pool2.impl.GenericObjectPool.create(GenericObjectPool.java:889)
	at org.apache.commons.pool2.impl.GenericObjectPool.borrowObject(GenericObjectPool.java:424)
	at org.apache.commons.pool2.impl.GenericObjectPool.borrowObject(GenericObjectPool.java:349)
	at redis.clients.jedis.util.Pool.getResource(Pool.java:50)
	... 11 more
Caused by: java.net.SocketTimeoutException: connect timed out
	at java.net.DualStackPlainSocketImpl.waitForConnect(Native Method)
	at java.net.DualStackPlainSocketImpl.socketConnect(DualStackPlainSocketImpl.java:85)
	at java.net.AbstractPlainSocketImpl.doConnect(AbstractPlainSocketImpl.java:350)
	at java.net.AbstractPlainSocketImpl.connectToAddress(AbstractPlainSocketImpl.java:206)
	at java.net.AbstractPlainSocketImpl.connect(AbstractPlainSocketImpl.java:188)
	at java.net.PlainSocketImpl.connect(PlainSocketImpl.java:172)
	at java.net.SocksSocketImpl.connect(SocksSocketImpl.java:392)
	at java.net.Socket.connect(Socket.java:606)
	at redis.clients.jedis.Connection.connect(Connection.java:181)
	... 18 more
[20:22:53,005] [INFO] UserLoginCmdHandler.lambda$handle$0 --> 当前线程 = MainThreadProcessor
[20:22:53,005] [INFO] LoginService$AsyncGetUserByName.doAsync --> 当前线程 = AsyncOperationProcessor1
[20:22:53,005] [INFO] UserLoginCmdHandler.lambda$handle$0 --> 用户登录成功, userId = 4, userName = 1
[20:22:53,601] [INFO] MainThreadProcessor.lambda$process$1 --> 收到客户端消息,msgClazz = com.tinygame.herostory.msg.GameMsgProtocol$UserEntryCmd, msg = 
[20:22:53,604] [INFO] MainThreadProcessor.lambda$process$1 --> 收到客户端消息,msgClazz = com.tinygame.herostory.msg.GameMsgProtocol$WhoElseIsHereCmd, msg = 
[20:22:53,607] [INFO] MainThreadProcessor.lambda$process$1 --> 收到客户端消息,msgClazz = com.tinygame.herostory.msg.GameMsgProtocol$UserEntryCmd, msg = 
[20:22:53,608] [INFO] MainThreadProcessor.lambda$process$1 --> 收到客户端消息,msgClazz = com.tinygame.herostory.msg.GameMsgProtocol$WhoElseIsHereCmd, msg = 
[20:22:55,008] [ERROR] LoginService.updateUserBasicInfoInRedis --> Could not get a resource from the pool
redis.clients.jedis.exceptions.JedisConnectionException: Could not get a resource from the pool
	at redis.clients.jedis.util.Pool.getResource(Pool.java:59)
	at redis.clients.jedis.JedisPool.getResource(JedisPool.java:234)
	at com.tinygame.herostory.util.RedisUtil.getRedis(RedisUtil.java:50)
	at com.tinygame.herostory.login.LoginService.updateUserBasicInfoInRedis(LoginService.java:80)
	at com.tinygame.herostory.login.LoginService.access$100(LoginService.java:17)
	at com.tinygame.herostory.login.LoginService$AsyncGetUserByName.doAsync(LoginService.java:173)
	at com.tinygame.herostory.async.AsyncOperationProcessor.lambda$process$1(AsyncOperationProcessor.java:72)
	at java.util.concurrent.Executors$RunnableAdapter.call(Executors.java:511)
	at java.util.concurrent.FutureTask.run(FutureTask.java:266)
	at java.util.concurrent.ThreadPoolExecutor.runWorker(ThreadPoolExecutor.java:1149)
	at java.util.concurrent.ThreadPoolExecutor$Worker.run(ThreadPoolExecutor.java:624)
	at java.lang.Thread.run(Thread.java:748)
Caused by: redis.clients.jedis.exceptions.JedisConnectionException: Failed connecting to host 192.168.74.111:6379
	at redis.clients.jedis.Connection.connect(Connection.java:204)
	at redis.clients.jedis.BinaryClient.connect(BinaryClient.java:100)
	at redis.clients.jedis.BinaryJedis.connect(BinaryJedis.java:1866)
	at redis.clients.jedis.JedisFactory.makeObject(JedisFactory.java:117)
	at org.apache.commons.pool2.impl.GenericObjectPool.create(GenericObjectPool.java:889)
	at org.apache.commons.pool2.impl.GenericObjectPool.borrowObject(GenericObjectPool.java:424)
	at org.apache.commons.pool2.impl.GenericObjectPool.borrowObject(GenericObjectPool.java:349)
	at redis.clients.jedis.util.Pool.getResource(Pool.java:50)
	... 11 more
Caused by: java.net.SocketTimeoutException: connect timed out
	at java.net.DualStackPlainSocketImpl.waitForConnect(Native Method)
	at java.net.DualStackPlainSocketImpl.socketConnect(DualStackPlainSocketImpl.java:85)
	at java.net.AbstractPlainSocketImpl.doConnect(AbstractPlainSocketImpl.java:350)
	at java.net.AbstractPlainSocketImpl.connectToAddress(AbstractPlainSocketImpl.java:206)
	at java.net.AbstractPlainSocketImpl.connect(AbstractPlainSocketImpl.java:188)
	at java.net.PlainSocketImpl.connect(PlainSocketImpl.java:172)
	at java.net.SocksSocketImpl.connect(SocksSocketImpl.java:392)
	at java.net.Socket.connect(Socket.java:606)
	at redis.clients.jedis.Connection.connect(Connection.java:181)
	... 18 more
[20:22:55,008] [INFO] UserLoginCmdHandler.lambda$handle$0 --> 当前线程 = MainThreadProcessor
[20:22:55,008] [INFO] UserLoginCmdHandler.lambda$handle$0 --> 用户登录成功, userId = 4, userName = 1
[20:22:55,022] [INFO] MainThreadProcessor.lambda$process$1 --> 收到客户端消息,msgClazz = com.tinygame.herostory.msg.GameMsgProtocol$UserEntryCmd, msg = 
[20:22:55,022] [INFO] MainThreadProcessor.lambda$process$1 --> 收到客户端消息,msgClazz = com.tinygame.herostory.msg.GameMsgProtocol$WhoElseIsHereCmd, msg = 
[20:23:00,833] [INFO] MainThreadProcessor.lambda$process$1 --> 收到客户端消息,msgClazz = com.tinygame.herostory.msg.GameMsgProtocol$UserMoveToCmd, msg = moveToPosX: 46.15386
moveToPosY: 22.564102

[20:23:01,023] [INFO] MainThreadProcessor.lambda$process$1 --> 收到客户端消息,msgClazz = com.tinygame.herostory.msg.GameMsgProtocol$UserMoveToCmd, msg = moveFromPosX: 25.598848
moveFromPosY: 23.465473
moveToPosX: 10.598301
moveToPosY: -51.965813

[20:23:01,207] [INFO] MainThreadProcessor.lambda$process$1 --> 收到客户端消息,msgClazz = com.tinygame.herostory.msg.GameMsgProtocol$UserMoveToCmd, msg = moveFromPosX: 8.525311
moveFromPosY: -0.0011520939
moveToPosX: -1.0256308
moveToPosY: -62.905983

[20:23:01,377] [INFO] MainThreadProcessor.lambda$process$1 --> 收到客户端消息,msgClazz = com.tinygame.herostory.msg.GameMsgProtocol$UserMoveToCmd, msg = moveFromPosX: -2.1400325
moveFromPosY: -21.33376
moveToPosX: -46.153835
moveToPosY: -51.965813

[20:23:01,553] [INFO] MainThreadProcessor.lambda$process$1 --> 收到客户端消息,msgClazz = com.tinygame.herostory.msg.GameMsgProtocol$UserMoveToCmd, msg = moveFromPosX: -25.606272
moveFromPosY: -44.800003
moveToPosX: -89.23076
moveToPosY: -32.136753

[20:23:01,711] [INFO] MainThreadProcessor.lambda$process$1 --> 收到客户端消息,msgClazz = com.tinygame.herostory.msg.GameMsgProtocol$UserMoveToCmd, msg = moveFromPosX: -44.80589
moveFromPosY: -32.000134
moveToPosX: -106.324776
moveToPosY: -21.880342

[20:23:02,000] [INFO] MainThreadProcessor.lambda$process$1 --> 收到客户端消息,msgClazz = com.tinygame.herostory.msg.GameMsgProtocol$UserAttkCmd, msg = targetUserId: 4294967295

[20:23:02,159] [INFO] MainThreadProcessor.lambda$process$1 --> 收到客户端消息,msgClazz = com.tinygame.herostory.msg.GameMsgProtocol$UserAttkCmd, msg = targetUserId: 4294967295

[20:23:10,567] [INFO] MainThreadProcessor.lambda$process$1 --> 收到客户端消息,msgClazz = com.tinygame.herostory.msg.GameMsgProtocol$UserAttkCmd, msg = targetUserId: 4294967295

[20:23:11,906] [INFO] Slf4jLoggerFactory$Slf4jLogger.info --> closeChannel: close the connection to remote address[] result: true
[20:23:28,928] [INFO] MainThreadProcessor.lambda$process$1 --> 收到客户端消息,msgClazz = com.tinygame.herostory.msg.GameMsgProtocol$UserLoginCmd, msg = userName: "b"
password: "1"

[20:23:28,928] [INFO] UserLoginCmdHandler.handle --> userName = b, password = 1
[20:23:28,928] [INFO] LoginService$AsyncGetUserByName.doAsync --> 当前线程 = AsyncOperationProcessor2
[20:23:28,929] [ERROR] LoginService$AsyncGetUserByName.doAsync --> 用户密码错误, userName = b
[20:23:30,930] [ERROR] LoginService.updateUserBasicInfoInRedis --> Could not get a resource from the pool
redis.clients.jedis.exceptions.JedisConnectionException: Could not get a resource from the pool
	at redis.clients.jedis.util.Pool.getResource(Pool.java:59)
	at redis.clients.jedis.JedisPool.getResource(JedisPool.java:234)
	at com.tinygame.herostory.util.RedisUtil.getRedis(RedisUtil.java:50)
	at com.tinygame.herostory.login.LoginService.updateUserBasicInfoInRedis(LoginService.java:80)
	at com.tinygame.herostory.login.LoginService.access$100(LoginService.java:17)
	at com.tinygame.herostory.login.LoginService$AsyncGetUserByName.doAsync(LoginService.java:173)
	at com.tinygame.herostory.async.AsyncOperationProcessor.lambda$process$1(AsyncOperationProcessor.java:72)
	at java.util.concurrent.Executors$RunnableAdapter.call(Executors.java:511)
	at java.util.concurrent.FutureTask.run(FutureTask.java:266)
	at java.util.concurrent.ThreadPoolExecutor.runWorker(ThreadPoolExecutor.java:1149)
	at java.util.concurrent.ThreadPoolExecutor$Worker.run(ThreadPoolExecutor.java:624)
	at java.lang.Thread.run(Thread.java:748)
Caused by: redis.clients.jedis.exceptions.JedisConnectionException: Failed connecting to host 192.168.74.111:6379
	at redis.clients.jedis.Connection.connect(Connection.java:204)
	at redis.clients.jedis.BinaryClient.connect(BinaryClient.java:100)
	at redis.clients.jedis.BinaryJedis.connect(BinaryJedis.java:1866)
	at redis.clients.jedis.JedisFactory.makeObject(JedisFactory.java:117)
	at org.apache.commons.pool2.impl.GenericObjectPool.create(GenericObjectPool.java:889)
	at org.apache.commons.pool2.impl.GenericObjectPool.borrowObject(GenericObjectPool.java:424)
	at org.apache.commons.pool2.impl.GenericObjectPool.borrowObject(GenericObjectPool.java:349)
	at redis.clients.jedis.util.Pool.getResource(Pool.java:50)
	... 11 more
Caused by: java.net.SocketTimeoutException: connect timed out
	at java.net.DualStackPlainSocketImpl.waitForConnect(Native Method)
	at java.net.DualStackPlainSocketImpl.socketConnect(DualStackPlainSocketImpl.java:85)
	at java.net.AbstractPlainSocketImpl.doConnect(AbstractPlainSocketImpl.java:350)
	at java.net.AbstractPlainSocketImpl.connectToAddress(AbstractPlainSocketImpl.java:206)
	at java.net.AbstractPlainSocketImpl.connect(AbstractPlainSocketImpl.java:188)
	at java.net.PlainSocketImpl.connect(PlainSocketImpl.java:172)
	at java.net.SocksSocketImpl.connect(SocksSocketImpl.java:392)
	at java.net.Socket.connect(Socket.java:606)
	at redis.clients.jedis.Connection.connect(Connection.java:181)
	... 18 more
[20:23:30,930] [INFO] UserLoginCmdHandler.lambda$handle$0 --> 当前线程 = MainThreadProcessor
[20:23:30,930] [INFO] UserLoginCmdHandler.lambda$handle$0 --> 用户登录成功, userId = 2, userName = b
[20:23:30,974] [INFO] MainThreadProcessor.lambda$process$1 --> 收到客户端消息,msgClazz = com.tinygame.herostory.msg.GameMsgProtocol$UserEntryCmd, msg = 
[20:23:30,975] [INFO] MainThreadProcessor.lambda$process$1 --> 收到客户端消息,msgClazz = com.tinygame.herostory.msg.GameMsgProtocol$WhoElseIsHereCmd, msg = 
[20:23:32,784] [INFO] MainThreadProcessor.lambda$process$1 --> 收到客户端消息,msgClazz = com.tinygame.herostory.msg.GameMsgProtocol$UserAttkCmd, msg = targetUserId: 4294967295

[20:23:33,528] [INFO] MainThreadProcessor.lambda$process$1 --> 收到客户端消息,msgClazz = com.tinygame.herostory.msg.GameMsgProtocol$UserMoveToCmd, msg = moveToPosX: -66.457245
moveToPosY: -16.195463

[20:23:33,679] [INFO] MainThreadProcessor.lambda$process$1 --> 收到客户端消息,msgClazz = com.tinygame.herostory.msg.GameMsgProtocol$UserMoveToCmd, msg = moveFromPosX: -19.199871
moveFromPosY: -17.066496
moveToPosX: -108.90052
moveToPosY: -17.312391

[20:23:33,856] [INFO] MainThreadProcessor.lambda$process$1 --> 收到客户端消息,msgClazz = com.tinygame.herostory.msg.GameMsgProtocol$UserMoveToCmd, msg = moveFromPosX: -42.666115
moveFromPosY: -19.2
moveToPosX: -96.61431
moveToPosY: -17.312391

[20:23:34,032] [INFO] MainThreadProcessor.lambda$process$1 --> 收到客户端消息,msgClazz = com.tinygame.herostory.msg.GameMsgProtocol$UserMoveToCmd, msg = moveFromPosX: -63.9991
moveFromPosY: -17.064833
moveToPosX: -65.34031
moveToPosY: -7.260035

[20:23:34,184] [INFO] MainThreadProcessor.lambda$process$1 --> 收到客户端消息,msgClazz = com.tinygame.herostory.msg.GameMsgProtocol$UserMoveToCmd, msg = moveFromPosX: -66.13325
moveFromPosY: -6.396289
moveToPosX: -11.727747
moveToPosY: 2.7923212

[20:23:34,343] [INFO] MainThreadProcessor.lambda$process$1 --> 收到客户端消息,msgClazz = com.tinygame.herostory.msg.GameMsgProtocol$UserMoveToCmd, msg = moveFromPosX: -44.800514
moveFromPosY: 4.2676473
moveToPosX: 20.663177
moveToPosY: -5.026178

[20:23:34,503] [INFO] MainThreadProcessor.lambda$process$1 --> 收到客户端消息,msgClazz = com.tinygame.herostory.msg.GameMsgProtocol$UserMoveToCmd, msg = moveFromPosX: -23.47814
moveFromPosY: -6.3966727
moveToPosX: 15.078535
moveToPosY: -17.312391

[20:23:34,976] [INFO] MainThreadProcessor.lambda$process$1 --> 收到客户端消息,msgClazz = com.tinygame.herostory.msg.GameMsgProtocol$UserMoveToCmd, msg = moveFromPosX: -81.07201
moveFromPosY: -21.34503
moveToPosX: 79.86038
moveToPosY: -13.961606

[20:23:35,152] [INFO] MainThreadProcessor.lambda$process$1 --> 收到客户端消息,msgClazz = com.tinygame.herostory.msg.GameMsgProtocol$UserMoveToCmd, msg = moveFromPosX: -57.609608
moveFromPosY: -12.816006
moveToPosX: 15.078535
moveToPosY: 68.6911

[20:23:35,311] [INFO] MainThreadProcessor.lambda$process$1 --> 收到客户端消息,msgClazz = com.tinygame.herostory.msg.GameMsgProtocol$UserMoveToCmd, msg = moveFromPosX: -38.407684
moveFromPosY: 6.3859134
moveToPosX: -76.5096
moveToPosY: 58.638744

[20:23:35,463] [INFO] MainThreadProcessor.lambda$process$1 --> 收到客户端消息,msgClazz = com.tinygame.herostory.msg.GameMsgProtocol$UserMoveToCmd, msg = moveFromPosX: -57.606533
moveFromPosY: 25.584759
moveToPosX: -123.42059
moveToPosY: -16.195463

[20:23:35,639] [INFO] MainThreadProcessor.lambda$process$1 --> 收到客户端消息,msgClazz = com.tinygame.herostory.msg.GameMsgProtocol$UserMoveToCmd, msg = moveFromPosX: -81.07264
moveFromPosY: 2.118646
moveToPosX: -69.80803
moveToPosY: -38.53403

[20:23:35,807] [INFO] MainThreadProcessor.lambda$process$1 --> 收到客户端消息,msgClazz = com.tinygame.herostory.msg.GameMsgProtocol$UserMoveToCmd, msg = moveFromPosX: -68.28056
moveFromPosY: -19.214987
moveToPosX: -27.364746
moveToPosY: -44.118675

[20:23:36,455] [INFO] MainThreadProcessor.lambda$process$1 --> 收到客户端消息,msgClazz = com.tinygame.herostory.msg.GameMsgProtocol$GetRankCmd, msg = 
[20:23:37,631] [INFO] MainThreadProcessor.lambda$process$1 --> 收到客户端消息,msgClazz = com.tinygame.herostory.msg.GameMsgProtocol$GetRankCmd, msg = 
[20:23:38,458] [ERROR] RankService$AsyncGetRank.doAsync --> Could not get a resource from the pool
redis.clients.jedis.exceptions.JedisConnectionException: Could not get a resource from the pool
	at redis.clients.jedis.util.Pool.getResource(Pool.java:59)
	at redis.clients.jedis.JedisPool.getResource(JedisPool.java:234)
	at com.tinygame.herostory.util.RedisUtil.getRedis(RedisUtil.java:50)
	at com.tinygame.herostory.rank.RankService$AsyncGetRank.doAsync(RankService.java:87)
	at com.tinygame.herostory.async.AsyncOperationProcessor.lambda$process$1(AsyncOperationProcessor.java:72)
	at java.util.concurrent.Executors$RunnableAdapter.call(Executors.java:511)
	at java.util.concurrent.FutureTask.run(FutureTask.java:266)
	at java.util.concurrent.ThreadPoolExecutor.runWorker(ThreadPoolExecutor.java:1149)
	at java.util.concurrent.ThreadPoolExecutor$Worker.run(ThreadPoolExecutor.java:624)
	at java.lang.Thread.run(Thread.java:748)
Caused by: redis.clients.jedis.exceptions.JedisConnectionException: Failed connecting to host 192.168.74.111:6379
	at redis.clients.jedis.Connection.connect(Connection.java:204)
	at redis.clients.jedis.BinaryClient.connect(BinaryClient.java:100)
	at redis.clients.jedis.BinaryJedis.connect(BinaryJedis.java:1866)
	at redis.clients.jedis.JedisFactory.makeObject(JedisFactory.java:117)
	at org.apache.commons.pool2.impl.GenericObjectPool.create(GenericObjectPool.java:889)
	at org.apache.commons.pool2.impl.GenericObjectPool.borrowObject(GenericObjectPool.java:424)
	at org.apache.commons.pool2.impl.GenericObjectPool.borrowObject(GenericObjectPool.java:349)
	at redis.clients.jedis.util.Pool.getResource(Pool.java:50)
	... 9 more
Caused by: java.net.SocketTimeoutException: connect timed out
	at java.net.DualStackPlainSocketImpl.waitForConnect(Native Method)
	at java.net.DualStackPlainSocketImpl.socketConnect(DualStackPlainSocketImpl.java:85)
	at java.net.AbstractPlainSocketImpl.doConnect(AbstractPlainSocketImpl.java:350)
	at java.net.AbstractPlainSocketImpl.connectToAddress(AbstractPlainSocketImpl.java:206)
	at java.net.AbstractPlainSocketImpl.connect(AbstractPlainSocketImpl.java:188)
	at java.net.PlainSocketImpl.connect(PlainSocketImpl.java:172)
	at java.net.SocksSocketImpl.connect(SocksSocketImpl.java:392)
	at java.net.Socket.connect(Socket.java:606)
	at redis.clients.jedis.Connection.connect(Connection.java:181)
	... 16 more
[20:23:38,887] [INFO] MainThreadProcessor.lambda$process$1 --> 收到客户端消息,msgClazz = com.tinygame.herostory.msg.GameMsgProtocol$GetRankCmd, msg = 
[20:23:39,479] [INFO] MainThreadProcessor.lambda$process$1 --> 收到客户端消息,msgClazz = com.tinygame.herostory.msg.GameMsgProtocol$GetRankCmd, msg = 
[20:23:39,663] [INFO] MainThreadProcessor.lambda$process$1 --> 收到客户端消息,msgClazz = com.tinygame.herostory.msg.GameMsgProtocol$GetRankCmd, msg = 
[20:23:39,823] [INFO] MainThreadProcessor.lambda$process$1 --> 收到客户端消息,msgClazz = com.tinygame.herostory.msg.GameMsgProtocol$GetRankCmd, msg = 
[20:23:40,167] [INFO] MainThreadProcessor.lambda$process$1 --> 收到客户端消息,msgClazz = com.tinygame.herostory.msg.GameMsgProtocol$UserMoveToCmd, msg = moveFromPosX: 17.06394
moveFromPosY: -19.195776
moveToPosX: -87.67888
moveToPosY: -16.195463

[20:23:40,459] [ERROR] RankService$AsyncGetRank.doAsync --> Could not get a resource from the pool
redis.clients.jedis.exceptions.JedisConnectionException: Could not get a resource from the pool
	at redis.clients.jedis.util.Pool.getResource(Pool.java:59)
	at redis.clients.jedis.JedisPool.getResource(JedisPool.java:234)
	at com.tinygame.herostory.util.RedisUtil.getRedis(RedisUtil.java:50)
	at com.tinygame.herostory.rank.RankService$AsyncGetRank.doAsync(RankService.java:87)
	at com.tinygame.herostory.async.AsyncOperationProcessor.lambda$process$1(AsyncOperationProcessor.java:72)
	at java.util.concurrent.Executors$RunnableAdapter.call(Executors.java:511)
	at java.util.concurrent.FutureTask.run(FutureTask.java:266)
	at java.util.concurrent.ThreadPoolExecutor.runWorker(ThreadPoolExecutor.java:1149)
	at java.util.concurrent.ThreadPoolExecutor$Worker.run(ThreadPoolExecutor.java:624)
	at java.lang.Thread.run(Thread.java:748)
Caused by: redis.clients.jedis.exceptions.JedisConnectionException: Failed connecting to host 192.168.74.111:6379
	at redis.clients.jedis.Connection.connect(Connection.java:204)
	at redis.clients.jedis.BinaryClient.connect(BinaryClient.java:100)
	at redis.clients.jedis.BinaryJedis.connect(BinaryJedis.java:1866)
	at redis.clients.jedis.JedisFactory.makeObject(JedisFactory.java:117)
	at org.apache.commons.pool2.impl.GenericObjectPool.create(GenericObjectPool.java:889)
	at org.apache.commons.pool2.impl.GenericObjectPool.borrowObject(GenericObjectPool.java:424)
	at org.apache.commons.pool2.impl.GenericObjectPool.borrowObject(GenericObjectPool.java:349)
	at redis.clients.jedis.util.Pool.getResource(Pool.java:50)
	... 9 more
Caused by: java.net.SocketTimeoutException: connect timed out
	at java.net.DualStackPlainSocketImpl.waitForConnect(Native Method)
	at java.net.DualStackPlainSocketImpl.socketConnect(DualStackPlainSocketImpl.java:85)
	at java.net.AbstractPlainSocketImpl.doConnect(AbstractPlainSocketImpl.java:350)
	at java.net.AbstractPlainSocketImpl.connectToAddress(AbstractPlainSocketImpl.java:206)
	at java.net.AbstractPlainSocketImpl.connect(AbstractPlainSocketImpl.java:188)
	at java.net.PlainSocketImpl.connect(PlainSocketImpl.java:172)
	at java.net.SocksSocketImpl.connect(SocksSocketImpl.java:392)
	at java.net.Socket.connect(Socket.java:606)
	at redis.clients.jedis.Connection.connect(Connection.java:181)
	... 16 more
[20:23:40,632] [INFO] MainThreadProcessor.lambda$process$1 --> 收到客户端消息,msgClazz = com.tinygame.herostory.msg.GameMsgProtocol$UserMoveToCmd, msg = moveFromPosX: -40.536186
moveFromPosY: -14.9291525
moveToPosX: -177.03316
moveToPosY: -2.7923212

[20:23:41,215] [INFO] MainThreadProcessor.lambda$process$1 --> 收到客户端消息,msgClazz = com.tinygame.herostory.msg.GameMsgProtocol$UserMoveToCmd, msg = moveFromPosX: -115.20103
moveFromPosY: -2.1294086
moveToPosX: -143.5253
moveToPosY: -30.715532

[20:23:41,906] [INFO] Slf4jLoggerFactory$Slf4jLogger.info --> closeChannel: close the connection to remote address[] result: true
[20:23:42,460] [ERROR] RankService$AsyncGetRank.doAsync --> Could not get a resource from the pool
redis.clients.jedis.exceptions.JedisConnectionException: Could not get a resource from the pool
	at redis.clients.jedis.util.Pool.getResource(Pool.java:59)
	at redis.clients.jedis.JedisPool.getResource(JedisPool.java:234)
	at com.tinygame.herostory.util.RedisUtil.getRedis(RedisUtil.java:50)
	at com.tinygame.herostory.rank.RankService$AsyncGetRank.doAsync(RankService.java:87)
	at com.tinygame.herostory.async.AsyncOperationProcessor.lambda$process$1(AsyncOperationProcessor.java:72)
	at java.util.concurrent.Executors$RunnableAdapter.call(Executors.java:511)
	at java.util.concurrent.FutureTask.run(FutureTask.java:266)
	at java.util.concurrent.ThreadPoolExecutor.runWorker(ThreadPoolExecutor.java:1149)
	at java.util.concurrent.ThreadPoolExecutor$Worker.run(ThreadPoolExecutor.java:624)
	at java.lang.Thread.run(Thread.java:748)
Caused by: redis.clients.jedis.exceptions.JedisConnectionException: Failed connecting to host 192.168.74.111:6379
	at redis.clients.jedis.Connection.connect(Connection.java:204)
	at redis.clients.jedis.BinaryClient.connect(BinaryClient.java:100)
	at redis.clients.jedis.BinaryJedis.connect(BinaryJedis.java:1866)
	at redis.clients.jedis.JedisFactory.makeObject(JedisFactory.java:117)
	at org.apache.commons.pool2.impl.GenericObjectPool.create(GenericObjectPool.java:889)
	at org.apache.commons.pool2.impl.GenericObjectPool.borrowObject(GenericObjectPool.java:424)
	at org.apache.commons.pool2.impl.GenericObjectPool.borrowObject(GenericObjectPool.java:349)
	at redis.clients.jedis.util.Pool.getResource(Pool.java:50)
	... 9 more
Caused by: java.net.SocketTimeoutException: connect timed out
	at java.net.DualStackPlainSocketImpl.waitForConnect(Native Method)
	at java.net.DualStackPlainSocketImpl.socketConnect(DualStackPlainSocketImpl.java:85)
	at java.net.AbstractPlainSocketImpl.doConnect(AbstractPlainSocketImpl.java:350)
	at java.net.AbstractPlainSocketImpl.connectToAddress(AbstractPlainSocketImpl.java:206)
	at java.net.AbstractPlainSocketImpl.connect(AbstractPlainSocketImpl.java:188)
	at java.net.PlainSocketImpl.connect(PlainSocketImpl.java:172)
	at java.net.SocksSocketImpl.connect(SocksSocketImpl.java:392)
	at java.net.Socket.connect(Socket.java:606)
	at redis.clients.jedis.Connection.connect(Connection.java:181)
	... 16 more
[20:23:44,460] [ERROR] RankService$AsyncGetRank.doAsync --> Could not get a resource from the pool
redis.clients.jedis.exceptions.JedisConnectionException: Could not get a resource from the pool
	at redis.clients.jedis.util.Pool.getResource(Pool.java:59)
	at redis.clients.jedis.JedisPool.getResource(JedisPool.java:234)
	at com.tinygame.herostory.util.RedisUtil.getRedis(RedisUtil.java:50)
	at com.tinygame.herostory.rank.RankService$AsyncGetRank.doAsync(RankService.java:87)
	at com.tinygame.herostory.async.AsyncOperationProcessor.lambda$process$1(AsyncOperationProcessor.java:72)
	at java.util.concurrent.Executors$RunnableAdapter.call(Executors.java:511)
	at java.util.concurrent.FutureTask.run(FutureTask.java:266)
	at java.util.concurrent.ThreadPoolExecutor.runWorker(ThreadPoolExecutor.java:1149)
	at java.util.concurrent.ThreadPoolExecutor$Worker.run(ThreadPoolExecutor.java:624)
	at java.lang.Thread.run(Thread.java:748)
Caused by: redis.clients.jedis.exceptions.JedisConnectionException: Failed connecting to host 192.168.74.111:6379
	at redis.clients.jedis.Connection.connect(Connection.java:204)
	at redis.clients.jedis.BinaryClient.connect(BinaryClient.java:100)
	at redis.clients.jedis.BinaryJedis.connect(BinaryJedis.java:1866)
	at redis.clients.jedis.JedisFactory.makeObject(JedisFactory.java:117)
	at org.apache.commons.pool2.impl.GenericObjectPool.create(GenericObjectPool.java:889)
	at org.apache.commons.pool2.impl.GenericObjectPool.borrowObject(GenericObjectPool.java:424)
	at org.apache.commons.pool2.impl.GenericObjectPool.borrowObject(GenericObjectPool.java:349)
	at redis.clients.jedis.util.Pool.getResource(Pool.java:50)
	... 9 more
Caused by: java.net.SocketTimeoutException: connect timed out
	at java.net.DualStackPlainSocketImpl.waitForConnect(Native Method)
	at java.net.DualStackPlainSocketImpl.socketConnect(DualStackPlainSocketImpl.java:85)
	at java.net.AbstractPlainSocketImpl.doConnect(AbstractPlainSocketImpl.java:350)
	at java.net.AbstractPlainSocketImpl.connectToAddress(AbstractPlainSocketImpl.java:206)
	at java.net.AbstractPlainSocketImpl.connect(AbstractPlainSocketImpl.java:188)
	at java.net.PlainSocketImpl.connect(PlainSocketImpl.java:172)
	at java.net.SocksSocketImpl.connect(SocksSocketImpl.java:392)
	at java.net.Socket.connect(Socket.java:606)
	at redis.clients.jedis.Connection.connect(Connection.java:181)
	... 16 more
[20:23:46,461] [ERROR] RankService$AsyncGetRank.doAsync --> Could not get a resource from the pool
redis.clients.jedis.exceptions.JedisConnectionException: Could not get a resource from the pool
	at redis.clients.jedis.util.Pool.getResource(Pool.java:59)
	at redis.clients.jedis.JedisPool.getResource(JedisPool.java:234)
	at com.tinygame.herostory.util.RedisUtil.getRedis(RedisUtil.java:50)
	at com.tinygame.herostory.rank.RankService$AsyncGetRank.doAsync(RankService.java:87)
	at com.tinygame.herostory.async.AsyncOperationProcessor.lambda$process$1(AsyncOperationProcessor.java:72)
	at java.util.concurrent.Executors$RunnableAdapter.call(Executors.java:511)
	at java.util.concurrent.FutureTask.run(FutureTask.java:266)
	at java.util.concurrent.ThreadPoolExecutor.runWorker(ThreadPoolExecutor.java:1149)
	at java.util.concurrent.ThreadPoolExecutor$Worker.run(ThreadPoolExecutor.java:624)
	at java.lang.Thread.run(Thread.java:748)
Caused by: redis.clients.jedis.exceptions.JedisConnectionException: Failed connecting to host 192.168.74.111:6379
	at redis.clients.jedis.Connection.connect(Connection.java:204)
	at redis.clients.jedis.BinaryClient.connect(BinaryClient.java:100)
	at redis.clients.jedis.BinaryJedis.connect(BinaryJedis.java:1866)
	at redis.clients.jedis.JedisFactory.makeObject(JedisFactory.java:117)
	at org.apache.commons.pool2.impl.GenericObjectPool.create(GenericObjectPool.java:889)
	at org.apache.commons.pool2.impl.GenericObjectPool.borrowObject(GenericObjectPool.java:424)
	at org.apache.commons.pool2.impl.GenericObjectPool.borrowObject(GenericObjectPool.java:349)
	at redis.clients.jedis.util.Pool.getResource(Pool.java:50)
	... 9 more
Caused by: java.net.SocketTimeoutException: connect timed out
	at java.net.DualStackPlainSocketImpl.waitForConnect(Native Method)
	at java.net.DualStackPlainSocketImpl.socketConnect(DualStackPlainSocketImpl.java:85)
	at java.net.AbstractPlainSocketImpl.doConnect(AbstractPlainSocketImpl.java:350)
	at java.net.AbstractPlainSocketImpl.connectToAddress(AbstractPlainSocketImpl.java:206)
	at java.net.AbstractPlainSocketImpl.connect(AbstractPlainSocketImpl.java:188)
	at java.net.PlainSocketImpl.connect(PlainSocketImpl.java:172)
	at java.net.SocksSocketImpl.connect(SocksSocketImpl.java:392)
	at java.net.Socket.connect(Socket.java:606)
	at redis.clients.jedis.Connection.connect(Connection.java:181)
	... 16 more
[20:23:48,463] [ERROR] RankService$AsyncGetRank.doAsync --> Could not get a resource from the pool
redis.clients.jedis.exceptions.JedisConnectionException: Could not get a resource from the pool
	at redis.clients.jedis.util.Pool.getResource(Pool.java:59)
	at redis.clients.jedis.JedisPool.getResource(JedisPool.java:234)
	at com.tinygame.herostory.util.RedisUtil.getRedis(RedisUtil.java:50)
	at com.tinygame.herostory.rank.RankService$AsyncGetRank.doAsync(RankService.java:87)
	at com.tinygame.herostory.async.AsyncOperationProcessor.lambda$process$1(AsyncOperationProcessor.java:72)
	at java.util.concurrent.Executors$RunnableAdapter.call(Executors.java:511)
	at java.util.concurrent.FutureTask.run(FutureTask.java:266)
	at java.util.concurrent.ThreadPoolExecutor.runWorker(ThreadPoolExecutor.java:1149)
	at java.util.concurrent.ThreadPoolExecutor$Worker.run(ThreadPoolExecutor.java:624)
	at java.lang.Thread.run(Thread.java:748)
Caused by: redis.clients.jedis.exceptions.JedisConnectionException: Failed connecting to host 192.168.74.111:6379
	at redis.clients.jedis.Connection.connect(Connection.java:204)
	at redis.clients.jedis.BinaryClient.connect(BinaryClient.java:100)
	at redis.clients.jedis.BinaryJedis.connect(BinaryJedis.java:1866)
	at redis.clients.jedis.JedisFactory.makeObject(JedisFactory.java:117)
	at org.apache.commons.pool2.impl.GenericObjectPool.create(GenericObjectPool.java:889)
	at org.apache.commons.pool2.impl.GenericObjectPool.borrowObject(GenericObjectPool.java:424)
	at org.apache.commons.pool2.impl.GenericObjectPool.borrowObject(GenericObjectPool.java:349)
	at redis.clients.jedis.util.Pool.getResource(Pool.java:50)
	... 9 more
Caused by: java.net.SocketTimeoutException: connect timed out
	at java.net.DualStackPlainSocketImpl.waitForConnect(Native Method)
	at java.net.DualStackPlainSocketImpl.socketConnect(DualStackPlainSocketImpl.java:85)
	at java.net.AbstractPlainSocketImpl.doConnect(AbstractPlainSocketImpl.java:350)
	at java.net.AbstractPlainSocketImpl.connectToAddress(AbstractPlainSocketImpl.java:206)
	at java.net.AbstractPlainSocketImpl.connect(AbstractPlainSocketImpl.java:188)
	at java.net.PlainSocketImpl.connect(PlainSocketImpl.java:172)
	at java.net.SocksSocketImpl.connect(SocksSocketImpl.java:392)
	at java.net.Socket.connect(Socket.java:606)
	at redis.clients.jedis.Connection.connect(Connection.java:181)
	... 16 more
[20:23:49,427] [INFO] MainThreadProcessor.lambda$process$1 --> 收到客户端消息,msgClazz = com.tinygame.herostory.msg.GameMsgProtocol$UserAttkCmd, msg = targetUserId: 4294967295

[20:23:50,351] [INFO] MainThreadProcessor.lambda$process$1 --> 收到客户端消息,msgClazz = com.tinygame.herostory.msg.GameMsgProtocol$GetRankCmd, msg = 
[20:23:51,343] [INFO] MainThreadProcessor.lambda$process$1 --> 收到客户端消息,msgClazz = com.tinygame.herostory.msg.GameMsgProtocol$UserMoveToCmd, msg = moveFromPosX: -25.614328
moveFromPosY: -44.814087
moveToPosX: -158.04538
moveToPosY: -21.780106

[20:23:51,495] [INFO] MainThreadProcessor.lambda$process$1 --> 收到客户端消息,msgClazz = com.tinygame.herostory.msg.GameMsgProtocol$UserMoveToCmd, msg = moveFromPosX: -44.81305
moveFromPosY: -25.615362
moveToPosX: -149.10994
moveToPosY: -41.884815

[20:23:51,663] [INFO] MainThreadProcessor.lambda$process$1 --> 收到客户端消息,msgClazz = com.tinygame.herostory.msg.GameMsgProtocol$UserMoveToCmd, msg = moveFromPosX: -66.14553
moveFromPosY: -42.681732
moveToPosX: -131.23909
moveToPosY: -51.937172

[20:23:51,927] [INFO] MainThreadProcessor.lambda$process$1 --> 收到客户端消息,msgClazz = com.tinygame.herostory.msg.GameMsgProtocol$UserAttkCmd, msg = targetUserId: 2

[20:23:51,927] [INFO] UserAttkCmdHandler.handle --> 当前线程 = MainThreadProcessor
[20:23:52,320] [INFO] MainThreadProcessor.lambda$process$1 --> 收到客户端消息,msgClazz = com.tinygame.herostory.msg.GameMsgProtocol$UserMoveToCmd, msg = moveFromPosX: -100.27863
moveFromPosY: -53.34874
moveToPosX: -79.86038
moveToPosY: -53.0541

[20:23:52,352] [ERROR] RankService$AsyncGetRank.doAsync --> Could not get a resource from the pool
redis.clients.jedis.exceptions.JedisConnectionException: Could not get a resource from the pool
	at redis.clients.jedis.util.Pool.getResource(Pool.java:59)
	at redis.clients.jedis.JedisPool.getResource(JedisPool.java:234)
	at com.tinygame.herostory.util.RedisUtil.getRedis(RedisUtil.java:50)
	at com.tinygame.herostory.rank.RankService$AsyncGetRank.doAsync(RankService.java:87)
	at com.tinygame.herostory.async.AsyncOperationProcessor.lambda$process$1(AsyncOperationProcessor.java:72)
	at java.util.concurrent.Executors$RunnableAdapter.call(Executors.java:511)
	at java.util.concurrent.FutureTask.run(FutureTask.java:266)
	at java.util.concurrent.ThreadPoolExecutor.runWorker(ThreadPoolExecutor.java:1149)
	at java.util.concurrent.ThreadPoolExecutor$Worker.run(ThreadPoolExecutor.java:624)
	at java.lang.Thread.run(Thread.java:748)
Caused by: redis.clients.jedis.exceptions.JedisConnectionException: Failed connecting to host 192.168.74.111:6379
	at redis.clients.jedis.Connection.connect(Connection.java:204)
	at redis.clients.jedis.BinaryClient.connect(BinaryClient.java:100)
	at redis.clients.jedis.BinaryJedis.connect(BinaryJedis.java:1866)
	at redis.clients.jedis.JedisFactory.makeObject(JedisFactory.java:117)
	at org.apache.commons.pool2.impl.GenericObjectPool.create(GenericObjectPool.java:889)
	at org.apache.commons.pool2.impl.GenericObjectPool.borrowObject(GenericObjectPool.java:424)
	at org.apache.commons.pool2.impl.GenericObjectPool.borrowObject(GenericObjectPool.java:349)
	at redis.clients.jedis.util.Pool.getResource(Pool.java:50)
	... 9 more
Caused by: java.net.SocketTimeoutException: connect timed out
	at java.net.DualStackPlainSocketImpl.waitForConnect(Native Method)
	at java.net.DualStackPlainSocketImpl.socketConnect(DualStackPlainSocketImpl.java:85)
	at java.net.AbstractPlainSocketImpl.doConnect(AbstractPlainSocketImpl.java:350)
	at java.net.AbstractPlainSocketImpl.connectToAddress(AbstractPlainSocketImpl.java:206)
	at java.net.AbstractPlainSocketImpl.connect(AbstractPlainSocketImpl.java:188)
	at java.net.PlainSocketImpl.connect(PlainSocketImpl.java:172)
	at java.net.SocksSocketImpl.connect(SocksSocketImpl.java:392)
	at java.net.Socket.connect(Socket.java:606)
	at redis.clients.jedis.Connection.connect(Connection.java:181)
	... 16 more
[20:23:53,759] [INFO] MainThreadProcessor.lambda$process$1 --> 收到客户端消息,msgClazz = com.tinygame.herostory.msg.GameMsgProtocol$UserAttkCmd, msg = targetUserId: 4294967295

[20:23:54,039] [INFO] MainThreadProcessor.lambda$process$1 --> 收到客户端消息,msgClazz = com.tinygame.herostory.msg.GameMsgProtocol$UserAttkCmd, msg = targetUserId: 4294967295

[20:23:54,303] [INFO] MainThreadProcessor.lambda$process$1 --> 收到客户端消息,msgClazz = com.tinygame.herostory.msg.GameMsgProtocol$UserAttkCmd, msg = targetUserId: 4294967295

[20:23:54,543] [INFO] MainThreadProcessor.lambda$process$1 --> 收到客户端消息,msgClazz = com.tinygame.herostory.msg.GameMsgProtocol$UserAttkCmd, msg = targetUserId: 4294967295

[20:23:54,783] [INFO] MainThreadProcessor.lambda$process$1 --> 收到客户端消息,msgClazz = com.tinygame.herostory.msg.GameMsgProtocol$UserMoveToCmd, msg = moveFromPosX: -145.0679
moveFromPosY: -31.996286
moveToPosX: 277.55673
moveToPosY: -44.118675

[20:23:55,071] [INFO] MainThreadProcessor.lambda$process$1 --> 收到客户端消息,msgClazz = com.tinygame.herostory.msg.GameMsgProtocol$UserMoveToCmd, msg = moveFromPosX: -106.668655
moveFromPosY: -44.79706
moveToPosX: 274.20593
moveToPosY: -41.884815

[20:23:55,352] [INFO] MainThreadProcessor.lambda$process$1 --> 收到客户端消息,msgClazz = com.tinygame.herostory.msg.GameMsgProtocol$UserMoveToCmd, msg = moveFromPosX: -70.40306
moveFromPosY: -40.53082
moveToPosX: 274.20593
moveToPosY: -41.884815

[20:23:55,607] [INFO] MainThreadProcessor.lambda$process$1 --> 收到客户端消息,msgClazz = com.tinygame.herostory.msg.GameMsgProtocol$UserMoveToCmd, msg = moveFromPosX: -38.403316
moveFromPosY: -42.66522
moveToPosX: 274.20593
moveToPosY: -41.884815

[20:23:55,855] [INFO] MainThreadProcessor.lambda$process$1 --> 收到客户端消息,msgClazz = com.tinygame.herostory.msg.GameMsgProtocol$UserMoveToCmd, msg = moveFromPosX: -6.4040833
moveFromPosY: -40.530308
moveToPosX: 274.20593
moveToPosY: -41.884815

[20:23:56,111] [INFO] MainThreadProcessor.lambda$process$1 --> 收到客户端消息,msgClazz = com.tinygame.herostory.msg.GameMsgProtocol$UserMoveToCmd, msg = moveFromPosX: 25.595148
moveFromPosY: -42.665092
moveToPosX: 274.20593
moveToPosY: -41.884815

[20:23:56,384] [INFO] MainThreadProcessor.lambda$process$1 --> 收到客户端消息,msgClazz = com.tinygame.herostory.msg.GameMsgProtocol$UserMoveToCmd, msg = moveFromPosX: 59.733513
moveFromPosY: -40.530563
moveToPosX: 274.20593
moveToPosY: -41.884815

[20:23:56,631] [INFO] MainThreadProcessor.lambda$process$1 --> 收到客户端消息,msgClazz = com.tinygame.herostory.msg.GameMsgProtocol$UserMoveToCmd, msg = moveFromPosX: 91.72828
moveFromPosY: -42.663685
moveToPosX: 274.20593
moveToPosY: -41.884815

[20:23:56,879] [INFO] MainThreadProcessor.lambda$process$1 --> 收到客户端消息,msgClazz = com.tinygame.herostory.msg.GameMsgProtocol$UserMoveToCmd, msg = moveFromPosX: 123.72751
moveFromPosY: -40.52941
moveToPosX: 274.20593
moveToPosY: -41.884815

[20:23:57,159] [INFO] MainThreadProcessor.lambda$process$1 --> 收到客户端消息,msgClazz = com.tinygame.herostory.msg.GameMsgProtocol$UserMoveToCmd, msg = moveFromPosX: 159.99286
moveFromPosY: -42.663425
moveToPosX: 274.20593
moveToPosY: -41.884815

[20:23:57,695] [INFO] MainThreadProcessor.lambda$process$1 --> 收到客户端消息,msgClazz = com.tinygame.herostory.msg.GameMsgProtocol$UserMoveToCmd, msg = moveFromPosX: 228.25897
moveFromPosY: -40.528515
moveToPosX: -161.39616
moveToPosY: -123.42059

[20:23:57,959] [INFO] MainThreadProcessor.lambda$process$1 --> 收到客户端消息,msgClazz = com.tinygame.herostory.msg.GameMsgProtocol$UserMoveToCmd, msg = moveFromPosX: 194.12663
moveFromPosY: -74.66088
moveToPosX: -171.44852
moveToPosY: -123.42059

[20:23:58,279] [INFO] MainThreadProcessor.lambda$process$1 --> 收到客户端消息,msgClazz = com.tinygame.herostory.msg.GameMsgProtocol$UserMoveToCmd, msg = moveFromPosX: 153.59354
moveFromPosY: -115.19401
moveToPosX: -178.15009
moveToPosY: -114.48517

[20:23:58,535] [INFO] MainThreadProcessor.lambda$process$1 --> 收到客户端消息,msgClazz = com.tinygame.herostory.msg.GameMsgProtocol$UserMoveToCmd, msg = moveFromPosX: 119.46105
moveFromPosY: -113.06089
moveToPosX: -178.15009
moveToPosY: -114.48517

[20:23:59,559] [INFO] MainThreadProcessor.lambda$process$1 --> 收到客户端消息,msgClazz = com.tinygame.herostory.msg.GameMsgProtocol$UserMoveToCmd, msg = moveFromPosX: -78.93988
moveFromPosY: -51.21434
moveToPosX: -28.481674
moveToPosY: 105.549736

[20:23:59,783] [INFO] MainThreadProcessor.lambda$process$1 --> 收到客户端消息,msgClazz = com.tinygame.herostory.msg.GameMsgProtocol$UserMoveToCmd, msg = moveFromPosX: -51.208176
moveFromPosY: -23.482626
moveToPosX: -28.481674
moveToPosY: 105.549736

[20:24:00,224] [INFO] MainThreadProcessor.lambda$process$1 --> 收到客户端消息,msgClazz = com.tinygame.herostory.msg.GameMsgProtocol$UserMoveToCmd, msg = moveFromPosX: -27.74142
moveFromPosY: 34.116608
moveToPosX: 220.59337
moveToPosY: 17.312391

[20:24:00,447] [INFO] MainThreadProcessor.lambda$process$1 --> 收到客户端消息,msgClazz = com.tinygame.herostory.msg.GameMsgProtocol$UserMoveToCmd, msg = moveFromPosX: -0.00791485
moveFromPosY: 17.05088
moveToPosX: 254.10123
moveToPosY: -73.15881

[20:24:01,167] [INFO] MainThreadProcessor.lambda$process$1 --> 收到客户端消息,msgClazz = com.tinygame.herostory.msg.GameMsgProtocol$UserMoveToCmd, msg = moveFromPosX: 93.85602
moveFromPosY: -74.68083
moveToPosX: 407.12042
moveToPosY: -31.83246

[20:24:02,071] [INFO] MainThreadProcessor.lambda$process$1 --> 收到客户端消息,msgClazz = com.tinygame.herostory.msg.GameMsgProtocol$UserMoveToCmd, msg = moveFromPosX: 209.05399
moveFromPosY: -29.880693
moveToPosX: -294.31064
moveToPosY: -43.001743

[20:24:03,591] [INFO] MainThreadProcessor.lambda$process$1 --> 收到客户端消息,msgClazz = com.tinygame.herostory.msg.GameMsgProtocol$UserMoveToCmd, msg = moveFromPosX: -179.20055
moveFromPosY: -115.19465
moveToPosX: 391.48343
moveToPosY: 47.46946

[20:24:06,111] [INFO] MainThreadProcessor.lambda$process$1 --> 收到客户端消息,msgClazz = com.tinygame.herostory.msg.GameMsgProtocol$UserMoveToCmd, msg = moveFromPosX: 142.92645
moveFromPosY: 49.068405
moveToPosX: -247.39964
moveToPosY: -140.17451

[20:24:06,551] [INFO] MainThreadProcessor.lambda$process$1 --> 收到客户端消息,msgClazz = com.tinygame.herostory.msg.GameMsgProtocol$UserMoveToCmd, msg = moveFromPosX: 85.327614
moveFromPosY: -8.530438
moveToPosX: 282.02444
moveToPosY: -20.663176

[20:24:06,768] [INFO] MainThreadProcessor.lambda$process$1 --> 收到客户端消息,msgClazz = com.tinygame.herostory.msg.GameMsgProtocol$UserMoveToCmd, msg = moveFromPosX: 113.06086
moveFromPosY: -21.329798
moveToPosX: 381.43106
moveToPosY: -29.598604

[20:24:07,015] [INFO] MainThreadProcessor.lambda$process$1 --> 收到客户端消息,msgClazz = com.tinygame.herostory.msg.GameMsgProtocol$UserMoveToCmd, msg = moveFromPosX: 142.92647
moveFromPosY: -29.862148
moveToPosX: 400.41885
moveToPosY: -36.300175

[20:24:07,287] [INFO] MainThreadProcessor.lambda$process$1 --> 收到客户端消息,msgClazz = com.tinygame.herostory.msg.GameMsgProtocol$UserMoveToCmd, msg = moveFromPosX: 179.19183
moveFromPosY: -38.39642
moveToPosX: 400.41885
moveToPosY: -36.300175

[20:24:08,719] [INFO] MainThreadProcessor.lambda$process$1 --> 收到客户端消息,msgClazz = com.tinygame.herostory.msg.GameMsgProtocol$UserMoveToCmd, msg = moveFromPosX: 362.65613
moveFromPosY: -36.26202
moveToPosX: -399.3019
moveToPosY: -92.1466

[20:24:09,799] [INFO] MainThreadProcessor.lambda$process$1 --> 收到客户端消息,msgClazz = com.tinygame.herostory.msg.GameMsgProtocol$UserAttkCmd, msg = targetUserId: 4294967295

[20:24:10,128] [INFO] MainThreadProcessor.lambda$process$1 --> 收到客户端消息,msgClazz = com.tinygame.herostory.msg.GameMsgProtocol$UserMoveToCmd, msg = moveFromPosX: -294.40366
moveFromPosY: -44.813683
moveToPosX: 418.2897
moveToPosY: -26.247818

[20:24:11,906] [INFO] Slf4jLoggerFactory$Slf4jLogger.info --> closeChannel: close the connection to remote address[] result: true
[20:24:17,712] [INFO] MainThreadProcessor.lambda$process$1 --> 收到客户端消息,msgClazz = com.tinygame.herostory.msg.GameMsgProtocol$UserMoveToCmd, msg = moveFromPosX: -401.06366
moveFromPosY: -93.86176
moveToPosX: 160.27924
moveToPosY: 59.755672

[20:24:17,895] [INFO] MainThreadProcessor.lambda$process$1 --> 收到客户端消息,msgClazz = com.tinygame.herostory.msg.GameMsgProtocol$UserMoveToCmd, msg = moveFromPosX: -377.59702
moveFromPosY: -70.39514
moveToPosX: -12.844676
moveToPosY: -41.884815

[20:24:29,456] [INFO] MainThreadProcessor.lambda$process$1 --> 收到客户端消息,msgClazz = com.tinygame.herostory.msg.GameMsgProtocol$UserMoveToCmd, msg = moveFromPosX: 420.25012
moveFromPosY: -25.613419
moveToPosX: 163.63002
moveToPosY: -36.300175

[20:24:29,687] [INFO] MainThreadProcessor.lambda$process$1 --> 收到客户端消息,msgClazz = com.tinygame.herostory.msg.GameMsgProtocol$UserMoveToCmd, msg = moveFromPosX: 390.38385
moveFromPosY: -38.413036
moveToPosX: 159.16231
moveToPosY: -36.300175

[20:24:29,871] [INFO] MainThreadProcessor.lambda$process$1 --> 收到客户端消息,msgClazz = com.tinygame.herostory.msg.GameMsgProtocol$UserMoveToCmd, msg = moveFromPosX: 366.919
moveFromPosY: -36.27915
moveToPosX: 144.64224
moveToPosY: -40.767887

[20:24:30,063] [INFO] MainThreadProcessor.lambda$process$1 --> 收到客户端消息,msgClazz = com.tinygame.herostory.msg.GameMsgProtocol$UserMoveToCmd, msg = moveFromPosX: 343.45148
moveFromPosY: -42.67915
moveToPosX: 140.17451
moveToPosY: -40.767887

[20:24:30,424] [INFO] MainThreadProcessor.lambda$process$1 --> 收到客户端消息,msgClazz = com.tinygame.herostory.msg.GameMsgProtocol$UserMoveToCmd, msg = moveFromPosX: -12.804577
moveFromPosY: -40.529026
moveToPosX: 83.211174
moveToPosY: -55.287956

[20:24:30,617] [INFO] MainThreadProcessor.lambda$process$1 --> 收到客户端消息,msgClazz = com.tinygame.herostory.msg.GameMsgProtocol$UserMoveToCmd, msg = moveFromPosX: 10.662047
moveFromPosY: -55.46073
moveToPosX: 54.171032
moveToPosY: -50.820244

[20:24:30,775] [INFO] MainThreadProcessor.lambda$process$1 --> 收到客户端消息,msgClazz = com.tinygame.herostory.msg.GameMsgProtocol$UserMoveToCmd, msg = moveFromPosX: 31.995934
moveFromPosY: -49.06252
moveToPosX: 38.53403
moveToPosY: -46.35253

[20:24:30,951] [INFO] MainThreadProcessor.lambda$process$1 --> 收到客户端消息,msgClazz = com.tinygame.herostory.msg.GameMsgProtocol$UserMoveToCmd, msg = moveFromPosX: 40.52803
moveFromPosY: -44.795383
moveToPosX: 30.715534
moveToPosY: -43.001743

[20:24:31,792] [INFO] MainThreadProcessor.lambda$process$1 --> 收到客户端消息,msgClazz = com.tinygame.herostory.msg.GameMsgProtocol$UserMoveToCmd, msg = moveFromPosX: 29.868193
moveFromPosY: -42.66188
moveToPosX: 40.76789
moveToPosY: -40.767887

[20:24:32,511] [INFO] MainThreadProcessor.lambda$process$1 --> 收到客户端消息,msgClazz = com.tinygame.herostory.msg.GameMsgProtocol$UserMoveToCmd, msg = moveFromPosX: 138.64938
moveFromPosY: -40.545902
moveToPosX: 155.81152
moveToPosY: -43.001743

[20:24:32,696] [INFO] MainThreadProcessor.lambda$process$1 --> 收到客户端消息,msgClazz = com.tinygame.herostory.msg.GameMsgProtocol$UserMoveToCmd, msg = moveFromPosX: 157.849
moveFromPosY: -44.812145
moveToPosX: 174.7993
moveToPosY: -46.35253

[20:24:32,855] [INFO] MainThreadProcessor.lambda$process$1 --> 收到客户端消息,msgClazz = com.tinygame.herostory.msg.GameMsgProtocol$UserMoveToCmd, msg = moveFromPosX: 174.9155
moveFromPosY: -46.944626
moveToPosX: 161.39616
moveToPosY: -48.586388

[20:24:33,023] [INFO] MainThreadProcessor.lambda$process$1 --> 收到客户端消息,msgClazz = com.tinygame.herostory.msg.GameMsgProtocol$UserMoveToCmd, msg = moveFromPosX: 159.98163
moveFromPosY: -49.07877
moveToPosX: 139.05759
moveToPosY: -47.46946

[20:24:33,207] [INFO] MainThreadProcessor.lambda$process$1 --> 收到客户端消息,msgClazz = com.tinygame.herostory.msg.GameMsgProtocol$UserMoveToCmd, msg = moveFromPosX: 138.64847
moveFromPosY: -46.94565
moveToPosX: 123.42059
moveToPosY: -47.46946

[20:24:33,399] [INFO] MainThreadProcessor.lambda$process$1 --> 收到客户端消息,msgClazz = com.tinygame.herostory.msg.GameMsgProtocol$UserMoveToCmd, msg = moveFromPosX: 121.579796
moveFromPosY: -49.07928
moveToPosX: 110.017456
moveToPosY: -48.586388

[20:24:33,872] [INFO] MainThreadProcessor.lambda$process$1 --> 收到客户端消息,msgClazz = com.tinygame.herostory.msg.GameMsgProtocol$UserAttkCmd, msg = targetUserId: 2

[20:24:33,872] [INFO] UserAttkCmdHandler.handle --> 当前线程 = MainThreadProcessor
[20:24:34,047] [INFO] MainThreadProcessor.lambda$process$1 --> 收到客户端消息,msgClazz = com.tinygame.herostory.msg.GameMsgProtocol$UserAttkCmd, msg = targetUserId: 2

[20:24:34,048] [INFO] UserAttkCmdHandler.handle --> 当前线程 = MainThreadProcessor
[20:24:34,215] [INFO] MainThreadProcessor.lambda$process$1 --> 收到客户端消息,msgClazz = com.tinygame.herostory.msg.GameMsgProtocol$UserAttkCmd, msg = targetUserId: 2

[20:24:34,215] [INFO] UserAttkCmdHandler.handle --> 当前线程 = MainThreadProcessor
[20:24:34,375] [INFO] MainThreadProcessor.lambda$process$1 --> 收到客户端消息,msgClazz = com.tinygame.herostory.msg.GameMsgProtocol$UserAttkCmd, msg = targetUserId: 2

[20:24:34,375] [INFO] UserAttkCmdHandler.handle --> 当前线程 = MainThreadProcessor
[20:24:35,279] [INFO] MainThreadProcessor.lambda$process$1 --> 收到客户端消息,msgClazz = com.tinygame.herostory.msg.GameMsgProtocol$UserAttkCmd, msg = targetUserId: 4

[20:24:35,280] [INFO] UserAttkCmdHandler.handle --> 当前线程 = MainThreadProcessor
[20:24:35,447] [INFO] MainThreadProcessor.lambda$process$1 --> 收到客户端消息,msgClazz = com.tinygame.herostory.msg.GameMsgProtocol$UserAttkCmd, msg = targetUserId: 4

[20:24:35,447] [INFO] UserAttkCmdHandler.handle --> 当前线程 = MainThreadProcessor
[20:24:35,623] [INFO] MainThreadProcessor.lambda$process$1 --> 收到客户端消息,msgClazz = com.tinygame.herostory.msg.GameMsgProtocol$UserAttkCmd, msg = targetUserId: 4

[20:24:35,623] [INFO] UserAttkCmdHandler.handle --> 当前线程 = MainThreadProcessor
[20:24:35,791] [INFO] MainThreadProcessor.lambda$process$1 --> 收到客户端消息,msgClazz = com.tinygame.herostory.msg.GameMsgProtocol$UserAttkCmd, msg = targetUserId: 4

[20:24:35,791] [INFO] UserAttkCmdHandler.handle --> 当前线程 = MainThreadProcessor
[20:24:35,952] [INFO] MainThreadProcessor.lambda$process$1 --> 收到客户端消息,msgClazz = com.tinygame.herostory.msg.GameMsgProtocol$UserAttkCmd, msg = targetUserId: 4

[20:24:35,952] [INFO] UserAttkCmdHandler.handle --> 当前线程 = MainThreadProcessor
[20:24:36,120] [INFO] MainThreadProcessor.lambda$process$1 --> 收到客户端消息,msgClazz = com.tinygame.herostory.msg.GameMsgProtocol$UserAttkCmd, msg = targetUserId: 4

[20:24:36,120] [INFO] UserAttkCmdHandler.handle --> 当前线程 = MainThreadProcessor
[20:24:36,295] [INFO] MainThreadProcessor.lambda$process$1 --> 收到客户端消息,msgClazz = com.tinygame.herostory.msg.GameMsgProtocol$UserAttkCmd, msg = targetUserId: 4

[20:24:36,296] [INFO] UserAttkCmdHandler.handle --> 当前线程 = MainThreadProcessor
[20:24:36,495] [INFO] MainThreadProcessor.lambda$process$1 --> 收到客户端消息,msgClazz = com.tinygame.herostory.msg.GameMsgProtocol$UserAttkCmd, msg = targetUserId: 4

[20:24:36,495] [INFO] UserAttkCmdHandler.handle --> 当前线程 = MainThreadProcessor
[20:24:36,671] [INFO] MainThreadProcessor.lambda$process$1 --> 收到客户端消息,msgClazz = com.tinygame.herostory.msg.GameMsgProtocol$UserAttkCmd, msg = targetUserId: 4

[20:24:36,671] [INFO] UserAttkCmdHandler.handle --> 当前线程 = MainThreadProcessor
[20:24:36,871] [INFO] MainThreadProcessor.lambda$process$1 --> 收到客户端消息,msgClazz = com.tinygame.herostory.msg.GameMsgProtocol$UserAttkCmd, msg = targetUserId: 4

[20:24:36,871] [INFO] UserAttkCmdHandler.handle --> 当前线程 = MainThreadProcessor
[20:24:39,925] [ERROR] MQProducer.sendMsg --> org.apache.rocketmq.remoting.exception.RemotingConnectException: connect to [192.168.74.111:9876] failed
java.lang.IllegalStateException: org.apache.rocketmq.remoting.exception.RemotingConnectException: connect to [192.168.74.111:9876] failed
	at org.apache.rocketmq.client.impl.factory.MQClientInstance.updateTopicRouteInfoFromNameServer(MQClientInstance.java:681)
	at org.apache.rocketmq.client.impl.factory.MQClientInstance.updateTopicRouteInfoFromNameServer(MQClientInstance.java:511)
	at org.apache.rocketmq.client.impl.producer.DefaultMQProducerImpl.tryToFindTopicPublishInfo(DefaultMQProducerImpl.java:692)
	at org.apache.rocketmq.client.impl.producer.DefaultMQProducerImpl.sendDefaultImpl(DefaultMQProducerImpl.java:556)
	at org.apache.rocketmq.client.impl.producer.DefaultMQProducerImpl.send(DefaultMQProducerImpl.java:1342)
	at org.apache.rocketmq.client.impl.producer.DefaultMQProducerImpl.send(DefaultMQProducerImpl.java:1288)
	at org.apache.rocketmq.client.producer.DefaultMQProducer.send(DefaultMQProducer.java:324)
	at com.tinygame.herostory.mq.MQProducer.sendMsg(MQProducer.java:67)
	at com.tinygame.herostory.cmdHandler.UserAttkCmdHandler.handle(UserAttkCmdHandler.java:65)
	at com.tinygame.herostory.cmdHandler.UserAttkCmdHandler.handle(UserAttkCmdHandler.java:14)
	at com.tinygame.herostory.MainThreadProcessor.lambda$process$1(MainThreadProcessor.java:77)
	at java.util.concurrent.Executors$RunnableAdapter.call(Executors.java:511)
	at java.util.concurrent.FutureTask.run(FutureTask.java:266)
	at java.util.concurrent.ThreadPoolExecutor.runWorker(ThreadPoolExecutor.java:1149)
	at java.util.concurrent.ThreadPoolExecutor$Worker.run(ThreadPoolExecutor.java:624)
	at java.lang.Thread.run(Thread.java:748)
Caused by: org.apache.rocketmq.remoting.exception.RemotingConnectException: connect to [192.168.74.111:9876] failed
	at org.apache.rocketmq.remoting.netty.NettyRemotingClient.getAndCreateNameserverChannel(NettyRemotingClient.java:441)
	at org.apache.rocketmq.remoting.netty.NettyRemotingClient.getAndCreateChannel(NettyRemotingClient.java:396)
	at org.apache.rocketmq.remoting.netty.NettyRemotingClient.invokeSync(NettyRemotingClient.java:365)
	at org.apache.rocketmq.client.impl.MQClientAPIImpl.getTopicRouteInfoFromNameServer(MQClientAPIImpl.java:1369)
	at org.apache.rocketmq.client.impl.MQClientAPIImpl.getTopicRouteInfoFromNameServer(MQClientAPIImpl.java:1359)
	at org.apache.rocketmq.client.impl.factory.MQClientInstance.updateTopicRouteInfoFromNameServer(MQClientInstance.java:624)
	... 15 more
[20:24:39,925] [INFO] MainThreadProcessor.lambda$process$1 --> 收到客户端消息,msgClazz = com.tinygame.herostory.msg.GameMsgProtocol$UserAttkCmd, msg = targetUserId: 4

[20:24:39,925] [INFO] UserAttkCmdHandler.handle --> 当前线程 = MainThreadProcessor
[20:24:39,925] [INFO] MainThreadProcessor.lambda$process$1 --> 收到客户端消息,msgClazz = com.tinygame.herostory.msg.GameMsgProtocol$UserAttkCmd, msg = targetUserId: 4

[20:24:39,925] [INFO] UserAttkCmdHandler.handle --> 当前线程 = MainThreadProcessor
[20:24:39,926] [INFO] MainThreadProcessor.lambda$process$1 --> 收到客户端消息,msgClazz = com.tinygame.herostory.msg.GameMsgProtocol$UserAttkCmd, msg = targetUserId: 4

[20:24:39,926] [INFO] UserAttkCmdHandler.handle --> 当前线程 = MainThreadProcessor
[20:24:39,926] [INFO] MainThreadProcessor.lambda$process$1 --> 收到客户端消息,msgClazz = com.tinygame.herostory.msg.GameMsgProtocol$UserAttkCmd, msg = targetUserId: 4

[20:24:39,926] [INFO] Slf4jLoggerFactory$Slf4jLogger.info --> closeChannel: close the connection to remote address[] result: true
[20:24:39,926] [INFO] UserAttkCmdHandler.handle --> 当前线程 = MainThreadProcessor
[20:24:39,926] [INFO] MainThreadProcessor.lambda$process$1 --> 收到客户端消息,msgClazz = com.tinygame.herostory.msg.GameMsgProtocol$UserAttkCmd, msg = targetUserId: 4

[20:24:39,927] [INFO] UserAttkCmdHandler.handle --> 当前线程 = MainThreadProcessor
[20:24:39,927] [INFO] MainThreadProcessor.lambda$process$1 --> 收到客户端消息,msgClazz = com.tinygame.herostory.msg.GameMsgProtocol$UserAttkCmd, msg = targetUserId: 4

[20:24:39,927] [INFO] UserAttkCmdHandler.handle --> 当前线程 = MainThreadProcessor
[20:24:39,927] [INFO] MainThreadProcessor.lambda$process$1 --> 收到客户端消息,msgClazz = com.tinygame.herostory.msg.GameMsgProtocol$UserMoveToCmd, msg = moveFromPosX: 42.66563
moveFromPosY: -40.529144
moveToPosX: 114.48517
moveToPosY: -72.041885

[20:24:39,927] [INFO] MainThreadProcessor.lambda$process$1 --> 收到客户端消息,msgClazz = com.tinygame.herostory.msg.GameMsgProtocol$UserMoveToCmd, msg = moveFromPosX: 61.866016
moveFromPosY: -59.72953
moveToPosX: 114.48517
moveToPosY: -72.041885

[20:24:39,927] [INFO] MainThreadProcessor.lambda$process$1 --> 收到客户端消息,msgClazz = com.tinygame.herostory.msg.GameMsgProtocol$UserAttkCmd, msg = targetUserId: 4

[20:24:39,927] [INFO] UserAttkCmdHandler.handle --> 当前线程 = MainThreadProcessor
[20:24:39,928] [INFO] MainThreadProcessor.lambda$process$1 --> 收到客户端消息,msgClazz = com.tinygame.herostory.msg.GameMsgProtocol$UserAttkCmd, msg = targetUserId: 4

[20:24:39,928] [INFO] UserAttkCmdHandler.handle --> 当前线程 = MainThreadProcessor
[20:24:39,928] [INFO] MainThreadProcessor.lambda$process$1 --> 收到客户端消息,msgClazz = com.tinygame.herostory.msg.GameMsgProtocol$UserMoveToCmd, msg = moveFromPosX: 85.33225
moveFromPosY: -72.52876
moveToPosX: 46.35253
moveToPosY: -54.17103

[20:24:39,928] [INFO] MainThreadProcessor.lambda$process$1 --> 收到客户端消息,msgClazz = com.tinygame.herostory.msg.GameMsgProtocol$UserMoveToCmd, msg = moveFromPosX: 55.465885
moveFromPosY: -53.329018
moveToPosX: 44.118675
moveToPosY: -54.17103

[20:24:39,928] [INFO] MainThreadProcessor.lambda$process$1 --> 收到客户端消息,msgClazz = com.tinygame.herostory.msg.GameMsgProtocol$UserMoveToCmd, msg = moveFromPosX: 42.66589
moveFromPosY: -55.462906
moveToPosX: 110.017456
moveToPosY: -58.638744

[20:24:39,928] [INFO] MainThreadProcessor.lambda$process$1 --> 收到客户端消息,msgClazz = com.tinygame.herostory.msg.GameMsgProtocol$UserMoveToCmd, msg = moveFromPosX: 66.133156
moveFromPosY: -59.72953
moveToPosX: 114.48517
moveToPosY: -58.638744

[20:24:39,928] [INFO] MainThreadProcessor.lambda$process$1 --> 收到客户端消息,msgClazz = com.tinygame.herostory.msg.GameMsgProtocol$UserAttkCmd, msg = targetUserId: 4

[20:24:39,929] [INFO] UserAttkCmdHandler.handle --> 当前线程 = MainThreadProcessor
[20:24:40,759] [INFO] MainThreadProcessor.lambda$process$1 --> 收到客户端消息,msgClazz = com.tinygame.herostory.msg.GameMsgProtocol$UserAttkCmd, msg = targetUserId: 4

[20:24:40,759] [INFO] UserAttkCmdHandler.handle --> 当前线程 = MainThreadProcessor
[20:24:40,943] [INFO] MainThreadProcessor.lambda$process$1 --> 收到客户端消息,msgClazz = com.tinygame.herostory.msg.GameMsgProtocol$UserAttkCmd, msg = targetUserId: 4

[20:24:40,943] [INFO] UserAttkCmdHandler.handle --> 当前线程 = MainThreadProcessor
[20:24:41,135] [INFO] MainThreadProcessor.lambda$process$1 --> 收到客户端消息,msgClazz = com.tinygame.herostory.msg.GameMsgProtocol$UserAttkCmd, msg = targetUserId: 4

[20:24:41,135] [INFO] UserAttkCmdHandler.handle --> 当前线程 = MainThreadProcessor
[20:24:41,320] [INFO] MainThreadProcessor.lambda$process$1 --> 收到客户端消息,msgClazz = com.tinygame.herostory.msg.GameMsgProtocol$UserAttkCmd, msg = targetUserId: 4

[20:24:41,320] [INFO] UserAttkCmdHandler.handle --> 当前线程 = MainThreadProcessor
[20:24:41,503] [INFO] MainThreadProcessor.lambda$process$1 --> 收到客户端消息,msgClazz = com.tinygame.herostory.msg.GameMsgProtocol$UserAttkCmd, msg = targetUserId: 4

[20:24:41,503] [INFO] UserAttkCmdHandler.handle --> 当前线程 = MainThreadProcessor
[20:24:41,671] [INFO] MainThreadProcessor.lambda$process$1 --> 收到客户端消息,msgClazz = com.tinygame.herostory.msg.GameMsgProtocol$UserAttkCmd, msg = targetUserId: 4

[20:24:41,671] [INFO] UserAttkCmdHandler.handle --> 当前线程 = MainThreadProcessor
[20:24:41,839] [INFO] MainThreadProcessor.lambda$process$1 --> 收到客户端消息,msgClazz = com.tinygame.herostory.msg.GameMsgProtocol$UserAttkCmd, msg = targetUserId: 4

[20:24:41,839] [INFO] UserAttkCmdHandler.handle --> 当前线程 = MainThreadProcessor
[20:24:42,023] [INFO] MainThreadProcessor.lambda$process$1 --> 收到客户端消息,msgClazz = com.tinygame.herostory.msg.GameMsgProtocol$UserAttkCmd, msg = targetUserId: 4

[20:24:42,023] [INFO] UserAttkCmdHandler.handle --> 当前线程 = MainThreadProcessor
[20:24:42,199] [INFO] MainThreadProcessor.lambda$process$1 --> 收到客户端消息,msgClazz = com.tinygame.herostory.msg.GameMsgProtocol$UserAttkCmd, msg = targetUserId: 4

[20:24:42,200] [INFO] UserAttkCmdHandler.handle --> 当前线程 = MainThreadProcessor
[20:24:42,367] [INFO] MainThreadProcessor.lambda$process$1 --> 收到客户端消息,msgClazz = com.tinygame.herostory.msg.GameMsgProtocol$UserAttkCmd, msg = targetUserId: 4

[20:24:42,367] [INFO] UserAttkCmdHandler.handle --> 当前线程 = MainThreadProcessor
[20:24:43,039] [INFO] MainThreadProcessor.lambda$process$1 --> 收到客户端消息,msgClazz = com.tinygame.herostory.msg.GameMsgProtocol$GetRankCmd, msg = 
[20:24:44,175] [INFO] MainThreadProcessor.lambda$process$1 --> 收到客户端消息,msgClazz = com.tinygame.herostory.msg.GameMsgProtocol$GetRankCmd, msg = 
[20:24:45,040] [ERROR] RankService$AsyncGetRank.doAsync --> Could not get a resource from the pool
redis.clients.jedis.exceptions.JedisConnectionException: Could not get a resource from the pool
	at redis.clients.jedis.util.Pool.getResource(Pool.java:59)
	at redis.clients.jedis.JedisPool.getResource(JedisPool.java:234)
	at com.tinygame.herostory.util.RedisUtil.getRedis(RedisUtil.java:50)
	at com.tinygame.herostory.rank.RankService$AsyncGetRank.doAsync(RankService.java:87)
	at com.tinygame.herostory.async.AsyncOperationProcessor.lambda$process$1(AsyncOperationProcessor.java:72)
	at java.util.concurrent.Executors$RunnableAdapter.call(Executors.java:511)
	at java.util.concurrent.FutureTask.run(FutureTask.java:266)
	at java.util.concurrent.ThreadPoolExecutor.runWorker(ThreadPoolExecutor.java:1149)
	at java.util.concurrent.ThreadPoolExecutor$Worker.run(ThreadPoolExecutor.java:624)
	at java.lang.Thread.run(Thread.java:748)
Caused by: redis.clients.jedis.exceptions.JedisConnectionException: Failed connecting to host 192.168.74.111:6379
	at redis.clients.jedis.Connection.connect(Connection.java:204)
	at redis.clients.jedis.BinaryClient.connect(BinaryClient.java:100)
	at redis.clients.jedis.BinaryJedis.connect(BinaryJedis.java:1866)
	at redis.clients.jedis.JedisFactory.makeObject(JedisFactory.java:117)
	at org.apache.commons.pool2.impl.GenericObjectPool.create(GenericObjectPool.java:889)
	at org.apache.commons.pool2.impl.GenericObjectPool.borrowObject(GenericObjectPool.java:424)
	at org.apache.commons.pool2.impl.GenericObjectPool.borrowObject(GenericObjectPool.java:349)
	at redis.clients.jedis.util.Pool.getResource(Pool.java:50)
	... 9 more
Caused by: java.net.SocketTimeoutException: connect timed out
	at java.net.DualStackPlainSocketImpl.waitForConnect(Native Method)
	at java.net.DualStackPlainSocketImpl.socketConnect(DualStackPlainSocketImpl.java:85)
	at java.net.AbstractPlainSocketImpl.doConnect(AbstractPlainSocketImpl.java:350)
	at java.net.AbstractPlainSocketImpl.connectToAddress(AbstractPlainSocketImpl.java:206)
	at java.net.AbstractPlainSocketImpl.connect(AbstractPlainSocketImpl.java:188)
	at java.net.PlainSocketImpl.connect(PlainSocketImpl.java:172)
	at java.net.SocksSocketImpl.connect(SocksSocketImpl.java:392)
	at java.net.Socket.connect(Socket.java:606)
	at redis.clients.jedis.Connection.connect(Connection.java:181)
	... 16 more
[20:24:47,041] [ERROR] RankService$AsyncGetRank.doAsync --> Could not get a resource from the pool
redis.clients.jedis.exceptions.JedisConnectionException: Could not get a resource from the pool
	at redis.clients.jedis.util.Pool.getResource(Pool.java:59)
	at redis.clients.jedis.JedisPool.getResource(JedisPool.java:234)
	at com.tinygame.herostory.util.RedisUtil.getRedis(RedisUtil.java:50)
	at com.tinygame.herostory.rank.RankService$AsyncGetRank.doAsync(RankService.java:87)
	at com.tinygame.herostory.async.AsyncOperationProcessor.lambda$process$1(AsyncOperationProcessor.java:72)
	at java.util.concurrent.Executors$RunnableAdapter.call(Executors.java:511)
	at java.util.concurrent.FutureTask.run(FutureTask.java:266)
	at java.util.concurrent.ThreadPoolExecutor.runWorker(ThreadPoolExecutor.java:1149)
	at java.util.concurrent.ThreadPoolExecutor$Worker.run(ThreadPoolExecutor.java:624)
	at java.lang.Thread.run(Thread.java:748)
Caused by: redis.clients.jedis.exceptions.JedisConnectionException: Failed connecting to host 192.168.74.111:6379
	at redis.clients.jedis.Connection.connect(Connection.java:204)
	at redis.clients.jedis.BinaryClient.connect(BinaryClient.java:100)
	at redis.clients.jedis.BinaryJedis.connect(BinaryJedis.java:1866)
	at redis.clients.jedis.JedisFactory.makeObject(JedisFactory.java:117)
	at org.apache.commons.pool2.impl.GenericObjectPool.create(GenericObjectPool.java:889)
	at org.apache.commons.pool2.impl.GenericObjectPool.borrowObject(GenericObjectPool.java:424)
	at org.apache.commons.pool2.impl.GenericObjectPool.borrowObject(GenericObjectPool.java:349)
	at redis.clients.jedis.util.Pool.getResource(Pool.java:50)
	... 9 more
Caused by: java.net.SocketTimeoutException: connect timed out
	at java.net.DualStackPlainSocketImpl.waitForConnect(Native Method)
	at java.net.DualStackPlainSocketImpl.socketConnect(DualStackPlainSocketImpl.java:85)
	at java.net.AbstractPlainSocketImpl.doConnect(AbstractPlainSocketImpl.java:350)
	at java.net.AbstractPlainSocketImpl.connectToAddress(AbstractPlainSocketImpl.java:206)
	at java.net.AbstractPlainSocketImpl.connect(AbstractPlainSocketImpl.java:188)
	at java.net.PlainSocketImpl.connect(PlainSocketImpl.java:172)
	at java.net.SocksSocketImpl.connect(SocksSocketImpl.java:392)
	at java.net.Socket.connect(Socket.java:606)
	at redis.clients.jedis.Connection.connect(Connection.java:181)
	... 16 more
[20:25:11,906] [INFO] Slf4jLoggerFactory$Slf4jLogger.info --> closeChannel: close the connection to remote address[] result: true
[20:25:41,906] [INFO] Slf4jLoggerFactory$Slf4jLogger.info --> closeChannel: close the connection to remote address[] result: true
[20:25:46,663] [INFO] MainThreadProcessor.lambda$process$1 --> 收到客户端消息,msgClazz = com.tinygame.herostory.msg.GameMsgProtocol$UserAttkCmd, msg = targetUserId: 4

[20:25:46,664] [INFO] UserAttkCmdHandler.handle --> 当前线程 = MainThreadProcessor
[20:25:54,919] [INFO] MainThreadProcessor.lambda$process$1 --> 收到客户端消息,msgClazz = com.tinygame.herostory.msg.GameMsgProtocol$GetRankCmd, msg = 
[20:25:55,616] [INFO] MainThreadProcessor.lambda$process$1 --> 收到客户端消息,msgClazz = com.tinygame.herostory.msg.GameMsgProtocol$GetRankCmd, msg = 
[20:25:55,791] [INFO] MainThreadProcessor.lambda$process$1 --> 收到客户端消息,msgClazz = com.tinygame.herostory.msg.GameMsgProtocol$GetRankCmd, msg = 
[20:25:55,959] [INFO] MainThreadProcessor.lambda$process$1 --> 收到客户端消息,msgClazz = com.tinygame.herostory.msg.GameMsgProtocol$GetRankCmd, msg = 
[20:25:56,111] [INFO] MainThreadProcessor.lambda$process$1 --> 收到客户端消息,msgClazz = com.tinygame.herostory.msg.GameMsgProtocol$GetRankCmd, msg = 
[20:25:56,921] [ERROR] RankService$AsyncGetRank.doAsync --> Could not get a resource from the pool
redis.clients.jedis.exceptions.JedisConnectionException: Could not get a resource from the pool
	at redis.clients.jedis.util.Pool.getResource(Pool.java:59)
	at redis.clients.jedis.JedisPool.getResource(JedisPool.java:234)
	at com.tinygame.herostory.util.RedisUtil.getRedis(RedisUtil.java:50)
	at com.tinygame.herostory.rank.RankService$AsyncGetRank.doAsync(RankService.java:87)
	at com.tinygame.herostory.async.AsyncOperationProcessor.lambda$process$1(AsyncOperationProcessor.java:72)
	at java.util.concurrent.Executors$RunnableAdapter.call(Executors.java:511)
	at java.util.concurrent.FutureTask.run(FutureTask.java:266)
	at java.util.concurrent.ThreadPoolExecutor.runWorker(ThreadPoolExecutor.java:1149)
	at java.util.concurrent.ThreadPoolExecutor$Worker.run(ThreadPoolExecutor.java:624)
	at java.lang.Thread.run(Thread.java:748)
Caused by: redis.clients.jedis.exceptions.JedisConnectionException: Failed connecting to host 192.168.74.111:6379
	at redis.clients.jedis.Connection.connect(Connection.java:204)
	at redis.clients.jedis.BinaryClient.connect(BinaryClient.java:100)
	at redis.clients.jedis.BinaryJedis.connect(BinaryJedis.java:1866)
	at redis.clients.jedis.JedisFactory.makeObject(JedisFactory.java:117)
	at org.apache.commons.pool2.impl.GenericObjectPool.create(GenericObjectPool.java:889)
	at org.apache.commons.pool2.impl.GenericObjectPool.borrowObject(GenericObjectPool.java:424)
	at org.apache.commons.pool2.impl.GenericObjectPool.borrowObject(GenericObjectPool.java:349)
	at redis.clients.jedis.util.Pool.getResource(Pool.java:50)
	... 9 more
Caused by: java.net.SocketTimeoutException: connect timed out
	at java.net.DualStackPlainSocketImpl.waitForConnect(Native Method)
	at java.net.DualStackPlainSocketImpl.socketConnect(DualStackPlainSocketImpl.java:85)
	at java.net.AbstractPlainSocketImpl.doConnect(AbstractPlainSocketImpl.java:350)
	at java.net.AbstractPlainSocketImpl.connectToAddress(AbstractPlainSocketImpl.java:206)
	at java.net.AbstractPlainSocketImpl.connect(AbstractPlainSocketImpl.java:188)
	at java.net.PlainSocketImpl.connect(PlainSocketImpl.java:172)
	at java.net.SocksSocketImpl.connect(SocksSocketImpl.java:392)
	at java.net.Socket.connect(Socket.java:606)
	at redis.clients.jedis.Connection.connect(Connection.java:181)
	... 16 more
[20:25:58,922] [ERROR] RankService$AsyncGetRank.doAsync --> Could not get a resource from the pool
redis.clients.jedis.exceptions.JedisConnectionException: Could not get a resource from the pool
	at redis.clients.jedis.util.Pool.getResource(Pool.java:59)
	at redis.clients.jedis.JedisPool.getResource(JedisPool.java:234)
	at com.tinygame.herostory.util.RedisUtil.getRedis(RedisUtil.java:50)
	at com.tinygame.herostory.rank.RankService$AsyncGetRank.doAsync(RankService.java:87)
	at com.tinygame.herostory.async.AsyncOperationProcessor.lambda$process$1(AsyncOperationProcessor.java:72)
	at java.util.concurrent.Executors$RunnableAdapter.call(Executors.java:511)
	at java.util.concurrent.FutureTask.run(FutureTask.java:266)
	at java.util.concurrent.ThreadPoolExecutor.runWorker(ThreadPoolExecutor.java:1149)
	at java.util.concurrent.ThreadPoolExecutor$Worker.run(ThreadPoolExecutor.java:624)
	at java.lang.Thread.run(Thread.java:748)
Caused by: redis.clients.jedis.exceptions.JedisConnectionException: Failed connecting to host 192.168.74.111:6379
	at redis.clients.jedis.Connection.connect(Connection.java:204)
	at redis.clients.jedis.BinaryClient.connect(BinaryClient.java:100)
	at redis.clients.jedis.BinaryJedis.connect(BinaryJedis.java:1866)
	at redis.clients.jedis.JedisFactory.makeObject(JedisFactory.java:117)
	at org.apache.commons.pool2.impl.GenericObjectPool.create(GenericObjectPool.java:889)
	at org.apache.commons.pool2.impl.GenericObjectPool.borrowObject(GenericObjectPool.java:424)
	at org.apache.commons.pool2.impl.GenericObjectPool.borrowObject(GenericObjectPool.java:349)
	at redis.clients.jedis.util.Pool.getResource(Pool.java:50)
	... 9 more
Caused by: java.net.SocketTimeoutException: connect timed out
	at java.net.DualStackPlainSocketImpl.waitForConnect(Native Method)
	at java.net.DualStackPlainSocketImpl.socketConnect(DualStackPlainSocketImpl.java:85)
	at java.net.AbstractPlainSocketImpl.doConnect(AbstractPlainSocketImpl.java:350)
	at java.net.AbstractPlainSocketImpl.connectToAddress(AbstractPlainSocketImpl.java:206)
	at java.net.AbstractPlainSocketImpl.connect(AbstractPlainSocketImpl.java:188)
	at java.net.PlainSocketImpl.connect(PlainSocketImpl.java:172)
	at java.net.SocksSocketImpl.connect(SocksSocketImpl.java:392)
	at java.net.Socket.connect(Socket.java:606)
	at redis.clients.jedis.Connection.connect(Connection.java:181)
	... 16 more
[20:26:00,922] [ERROR] RankService$AsyncGetRank.doAsync --> Could not get a resource from the pool
redis.clients.jedis.exceptions.JedisConnectionException: Could not get a resource from the pool
	at redis.clients.jedis.util.Pool.getResource(Pool.java:59)
	at redis.clients.jedis.JedisPool.getResource(JedisPool.java:234)
	at com.tinygame.herostory.util.RedisUtil.getRedis(RedisUtil.java:50)
	at com.tinygame.herostory.rank.RankService$AsyncGetRank.doAsync(RankService.java:87)
	at com.tinygame.herostory.async.AsyncOperationProcessor.lambda$process$1(AsyncOperationProcessor.java:72)
	at java.util.concurrent.Executors$RunnableAdapter.call(Executors.java:511)
	at java.util.concurrent.FutureTask.run(FutureTask.java:266)
	at java.util.concurrent.ThreadPoolExecutor.runWorker(ThreadPoolExecutor.java:1149)
	at java.util.concurrent.ThreadPoolExecutor$Worker.run(ThreadPoolExecutor.java:624)
	at java.lang.Thread.run(Thread.java:748)
Caused by: redis.clients.jedis.exceptions.JedisConnectionException: Failed connecting to host 192.168.74.111:6379
	at redis.clients.jedis.Connection.connect(Connection.java:204)
	at redis.clients.jedis.BinaryClient.connect(BinaryClient.java:100)
	at redis.clients.jedis.BinaryJedis.connect(BinaryJedis.java:1866)
	at redis.clients.jedis.JedisFactory.makeObject(JedisFactory.java:117)
	at org.apache.commons.pool2.impl.GenericObjectPool.create(GenericObjectPool.java:889)
	at org.apache.commons.pool2.impl.GenericObjectPool.borrowObject(GenericObjectPool.java:424)
	at org.apache.commons.pool2.impl.GenericObjectPool.borrowObject(GenericObjectPool.java:349)
	at redis.clients.jedis.util.Pool.getResource(Pool.java:50)
	... 9 more
Caused by: java.net.SocketTimeoutException: connect timed out
	at java.net.DualStackPlainSocketImpl.waitForConnect(Native Method)
	at java.net.DualStackPlainSocketImpl.socketConnect(DualStackPlainSocketImpl.java:85)
	at java.net.AbstractPlainSocketImpl.doConnect(AbstractPlainSocketImpl.java:350)
	at java.net.AbstractPlainSocketImpl.connectToAddress(AbstractPlainSocketImpl.java:206)
	at java.net.AbstractPlainSocketImpl.connect(AbstractPlainSocketImpl.java:188)
	at java.net.PlainSocketImpl.connect(PlainSocketImpl.java:172)
	at java.net.SocksSocketImpl.connect(SocksSocketImpl.java:392)
	at java.net.Socket.connect(Socket.java:606)
	at redis.clients.jedis.Connection.connect(Connection.java:181)
	... 16 more
[20:26:02,923] [ERROR] RankService$AsyncGetRank.doAsync --> Could not get a resource from the pool
redis.clients.jedis.exceptions.JedisConnectionException: Could not get a resource from the pool
	at redis.clients.jedis.util.Pool.getResource(Pool.java:59)
	at redis.clients.jedis.JedisPool.getResource(JedisPool.java:234)
	at com.tinygame.herostory.util.RedisUtil.getRedis(RedisUtil.java:50)
	at com.tinygame.herostory.rank.RankService$AsyncGetRank.doAsync(RankService.java:87)
	at com.tinygame.herostory.async.AsyncOperationProcessor.lambda$process$1(AsyncOperationProcessor.java:72)
	at java.util.concurrent.Executors$RunnableAdapter.call(Executors.java:511)
	at java.util.concurrent.FutureTask.run(FutureTask.java:266)
	at java.util.concurrent.ThreadPoolExecutor.runWorker(ThreadPoolExecutor.java:1149)
	at java.util.concurrent.ThreadPoolExecutor$Worker.run(ThreadPoolExecutor.java:624)
	at java.lang.Thread.run(Thread.java:748)
Caused by: redis.clients.jedis.exceptions.JedisConnectionException: Failed connecting to host 192.168.74.111:6379
	at redis.clients.jedis.Connection.connect(Connection.java:204)
	at redis.clients.jedis.BinaryClient.connect(BinaryClient.java:100)
	at redis.clients.jedis.BinaryJedis.connect(BinaryJedis.java:1866)
	at redis.clients.jedis.JedisFactory.makeObject(JedisFactory.java:117)
	at org.apache.commons.pool2.impl.GenericObjectPool.create(GenericObjectPool.java:889)
	at org.apache.commons.pool2.impl.GenericObjectPool.borrowObject(GenericObjectPool.java:424)
	at org.apache.commons.pool2.impl.GenericObjectPool.borrowObject(GenericObjectPool.java:349)
	at redis.clients.jedis.util.Pool.getResource(Pool.java:50)
	... 9 more
Caused by: java.net.SocketTimeoutException: connect timed out
	at java.net.DualStackPlainSocketImpl.waitForConnect(Native Method)
	at java.net.DualStackPlainSocketImpl.socketConnect(DualStackPlainSocketImpl.java:85)
	at java.net.AbstractPlainSocketImpl.doConnect(AbstractPlainSocketImpl.java:350)
	at java.net.AbstractPlainSocketImpl.connectToAddress(AbstractPlainSocketImpl.java:206)
	at java.net.AbstractPlainSocketImpl.connect(AbstractPlainSocketImpl.java:188)
	at java.net.PlainSocketImpl.connect(PlainSocketImpl.java:172)
	at java.net.SocksSocketImpl.connect(SocksSocketImpl.java:392)
	at java.net.Socket.connect(Socket.java:606)
	at redis.clients.jedis.Connection.connect(Connection.java:181)
	... 16 more
[20:26:04,924] [ERROR] RankService$AsyncGetRank.doAsync --> Could not get a resource from the pool
redis.clients.jedis.exceptions.JedisConnectionException: Could not get a resource from the pool
	at redis.clients.jedis.util.Pool.getResource(Pool.java:59)
	at redis.clients.jedis.JedisPool.getResource(JedisPool.java:234)
	at com.tinygame.herostory.util.RedisUtil.getRedis(RedisUtil.java:50)
	at com.tinygame.herostory.rank.RankService$AsyncGetRank.doAsync(RankService.java:87)
	at com.tinygame.herostory.async.AsyncOperationProcessor.lambda$process$1(AsyncOperationProcessor.java:72)
	at java.util.concurrent.Executors$RunnableAdapter.call(Executors.java:511)
	at java.util.concurrent.FutureTask.run(FutureTask.java:266)
	at java.util.concurrent.ThreadPoolExecutor.runWorker(ThreadPoolExecutor.java:1149)
	at java.util.concurrent.ThreadPoolExecutor$Worker.run(ThreadPoolExecutor.java:624)
	at java.lang.Thread.run(Thread.java:748)
Caused by: redis.clients.jedis.exceptions.JedisConnectionException: Failed connecting to host 192.168.74.111:6379
	at redis.clients.jedis.Connection.connect(Connection.java:204)
	at redis.clients.jedis.BinaryClient.connect(BinaryClient.java:100)
	at redis.clients.jedis.BinaryJedis.connect(BinaryJedis.java:1866)
	at redis.clients.jedis.JedisFactory.makeObject(JedisFactory.java:117)
	at org.apache.commons.pool2.impl.GenericObjectPool.create(GenericObjectPool.java:889)
	at org.apache.commons.pool2.impl.GenericObjectPool.borrowObject(GenericObjectPool.java:424)
	at org.apache.commons.pool2.impl.GenericObjectPool.borrowObject(GenericObjectPool.java:349)
	at redis.clients.jedis.util.Pool.getResource(Pool.java:50)
	... 9 more
Caused by: java.net.SocketTimeoutException: connect timed out
	at java.net.DualStackPlainSocketImpl.waitForConnect(Native Method)
	at java.net.DualStackPlainSocketImpl.socketConnect(DualStackPlainSocketImpl.java:85)
	at java.net.AbstractPlainSocketImpl.doConnect(AbstractPlainSocketImpl.java:350)
	at java.net.AbstractPlainSocketImpl.connectToAddress(AbstractPlainSocketImpl.java:206)
	at java.net.AbstractPlainSocketImpl.connect(AbstractPlainSocketImpl.java:188)
	at java.net.PlainSocketImpl.connect(PlainSocketImpl.java:172)
	at java.net.SocksSocketImpl.connect(SocksSocketImpl.java:392)
	at java.net.Socket.connect(Socket.java:606)
	at redis.clients.jedis.Connection.connect(Connection.java:181)
	... 16 more
[20:26:11,907] [INFO] Slf4jLoggerFactory$Slf4jLogger.info --> closeChannel: close the connection to remote address[] result: true
[20:26:41,905] [INFO] Slf4jLoggerFactory$Slf4jLogger.info --> closeChannel: close the connection to remote address[] result: true
[20:27:11,907] [INFO] Slf4jLoggerFactory$Slf4jLogger.info --> closeChannel: close the connection to remote address[] result: true
[20:27:41,907] [INFO] Slf4jLoggerFactory$Slf4jLogger.info --> closeChannel: close the connection to remote address[] result: true
[20:28:11,907] [INFO] Slf4jLoggerFactory$Slf4jLogger.info --> closeChannel: close the connection to remote address[] result: true
